2018-12-31 20:27:25,500 DEBUG Epoch 0/200
2018-12-31 20:27:25,500 DEBUG ----------
2018-12-31 20:28:23,022 DEBUG train Loss: 0.6484 Acc: 0.6207
2018-12-31 20:28:23,029 DEBUG   Correct: [(1, 26005), (0, 17615)]
2018-12-31 20:28:23,030 DEBUG   Wrong: [(0, 13384), (1, 13274)]
2018-12-31 20:28:29,468 DEBUG val Loss: 0.6213 Acc: 0.6602
2018-12-31 20:28:29,468 DEBUG   Correct: [(1, 14077), (0, 8775)]
2018-12-31 20:28:29,468 DEBUG   Wrong: [(0, 6493), (1, 5270)]
2018-12-31 20:28:29,468 INFO Epoch 0, New Best Model found: Acc 0.6602
2018-12-31 20:28:29,480 DEBUG Epoch 1/200
2018-12-31 20:28:29,480 DEBUG ----------
2018-12-31 20:29:26,607 DEBUG train Loss: 0.5988 Acc: 0.6897
2018-12-31 20:29:26,616 DEBUG   Correct: [(1, 28387), (0, 20084)]
2018-12-31 20:29:26,616 DEBUG   Wrong: [(0, 10915), (1, 10892)]
2018-12-31 20:29:33,048 DEBUG val Loss: 0.5938 Acc: 0.6977
2018-12-31 20:29:33,049 DEBUG   Correct: [(1, 14546), (0, 9605)]
2018-12-31 20:29:33,049 DEBUG   Wrong: [(0, 5663), (1, 4801)]
2018-12-31 20:29:33,049 INFO Epoch 1, New Best Model found: Acc 0.6977
2018-12-31 20:29:33,061 DEBUG Epoch 2/200
2018-12-31 20:29:33,061 DEBUG ----------
2018-12-31 20:30:29,466 DEBUG train Loss: 0.5684 Acc: 0.7250
2018-12-31 20:30:29,466 DEBUG   Correct: [(1, 29314), (0, 21641)]
2018-12-31 20:30:29,466 DEBUG   Wrong: [(1, 9965), (0, 9358)]
2018-12-31 20:30:35,764 DEBUG val Loss: 0.5873 Acc: 0.7013
2018-12-31 20:30:35,764 DEBUG   Correct: [(1, 13776), (0, 10499)]
2018-12-31 20:30:35,772 DEBUG   Wrong: [(1, 5571), (0, 4769)]
2018-12-31 20:30:35,773 INFO Epoch 2, New Best Model found: Acc 0.7013
2018-12-31 20:30:35,779 DEBUG Epoch 3/200
2018-12-31 20:30:35,779 DEBUG ----------
2018-12-31 20:31:33,511 DEBUG train Loss: 0.5462 Acc: 0.7494
2018-12-31 20:31:33,513 DEBUG   Correct: [(1, 29922), (0, 22743)]
2018-12-31 20:31:33,514 DEBUG   Wrong: [(1, 9357), (0, 8256)]
2018-12-31 20:31:40,728 DEBUG val Loss: 0.5719 Acc: 0.7203
2018-12-31 20:31:40,728 DEBUG   Correct: [(1, 14235), (0, 10698)]
2018-12-31 20:31:40,728 DEBUG   Wrong: [(1, 5112), (0, 4570)]
2018-12-31 20:31:40,728 INFO Epoch 3, New Best Model found: Acc 0.7203
2018-12-31 20:31:40,736 DEBUG Epoch 4/200
2018-12-31 20:31:40,736 DEBUG ----------
2018-12-31 20:32:35,795 DEBUG train Loss: 0.5289 Acc: 0.7683
2018-12-31 20:32:35,795 DEBUG   Correct: [(1, 30162), (0, 23830)]
2018-12-31 20:32:35,795 DEBUG   Wrong: [(1, 9117), (0, 7169)]
2018-12-31 20:32:42,270 DEBUG val Loss: 0.5769 Acc: 0.7173
2018-12-31 20:32:42,270 DEBUG   Correct: [(1, 13892), (0, 10936)]
2018-12-31 20:32:42,270 DEBUG   Wrong: [(1, 5455), (0, 4332)]
2018-12-31 20:32:42,270 DEBUG Epoch 5/200
2018-12-31 20:32:42,270 DEBUG ----------
2018-12-31 20:33:38,068 DEBUG train Loss: 0.5154 Acc: 0.7841
2018-12-31 20:33:38,069 DEBUG   Correct: [(1, 30879), (0, 24229)]
2018-12-31 20:33:38,069 DEBUG   Wrong: [(1, 8400), (0, 6770)]
2018-12-31 20:33:44,084 DEBUG val Loss: 0.5691 Acc: 0.7251
2018-12-31 20:33:44,085 DEBUG   Correct: [(1, 14077), (0, 11022)]
2018-12-31 20:33:44,085 DEBUG   Wrong: [(1, 5270), (0, 4246)]
2018-12-31 20:33:44,085 INFO Epoch 5, New Best Model found: Acc 0.7251
2018-12-31 20:33:44,093 DEBUG Epoch 6/200
2018-12-31 20:33:44,094 DEBUG ----------
2018-12-31 20:34:41,662 DEBUG train Loss: 0.5044 Acc: 0.7958
2018-12-31 20:34:41,664 DEBUG   Correct: [(1, 31257), (0, 24671)]
2018-12-31 20:34:41,665 DEBUG   Wrong: [(1, 8022), (0, 6328)]
2018-12-31 20:34:48,620 DEBUG val Loss: 0.5742 Acc: 0.7205
2018-12-31 20:34:48,621 DEBUG   Correct: [(1, 13942), (0, 10998)]
2018-12-31 20:34:48,621 DEBUG   Wrong: [(1, 5405), (0, 4270)]
2018-12-31 20:34:48,621 DEBUG Epoch 7/200
2018-12-31 20:34:48,621 DEBUG ----------
2018-12-31 20:35:54,003 DEBUG train Loss: 0.4959 Acc: 0.8052
2018-12-31 20:35:54,003 DEBUG   Correct: [(1, 31568), (0, 25020)]
2018-12-31 20:35:54,003 DEBUG   Wrong: [(1, 7711), (0, 5979)]
2018-12-31 20:36:02,054 DEBUG val Loss: 0.5713 Acc: 0.7241
2018-12-31 20:36:02,055 DEBUG   Correct: [(1, 14133), (0, 10930)]
2018-12-31 20:36:02,055 DEBUG   Wrong: [(1, 5214), (0, 4338)]
2018-12-31 20:36:02,055 DEBUG Epoch 8/200
2018-12-31 20:36:02,055 DEBUG ----------
2018-12-31 20:37:11,688 DEBUG train Loss: 0.4872 Acc: 0.8142
2018-12-31 20:37:11,688 DEBUG   Correct: [(1, 31846), (0, 25375)]
2018-12-31 20:37:11,688 DEBUG   Wrong: [(1, 7433), (0, 5624)]
2018-12-31 20:37:19,947 DEBUG val Loss: 0.5690 Acc: 0.7289
2018-12-31 20:37:19,947 DEBUG   Correct: [(1, 14280), (0, 10951)]
2018-12-31 20:37:19,947 DEBUG   Wrong: [(1, 5067), (0, 4317)]
2018-12-31 20:37:19,947 INFO Epoch 8, New Best Model found: Acc 0.7289
2018-12-31 20:37:19,958 DEBUG Epoch 9/200
2018-12-31 20:37:19,958 DEBUG ----------
2018-12-31 20:39:14,363 DEBUG train Loss: 0.4807 Acc: 0.8211
2018-12-31 20:39:14,363 DEBUG   Correct: [(1, 32222), (0, 25486)]
2018-12-31 20:39:14,363 DEBUG   Wrong: [(1, 7057), (0, 5513)]
2018-12-31 20:39:27,217 DEBUG val Loss: 0.5617 Acc: 0.7359
2018-12-31 20:39:27,217 DEBUG   Correct: [(1, 14540), (0, 10934)]
2018-12-31 20:39:27,217 DEBUG   Wrong: [(1, 4807), (0, 4334)]
2018-12-31 20:39:27,217 INFO Epoch 9, New Best Model found: Acc 0.7359
2018-12-31 20:39:27,229 DEBUG Epoch 10/200
2018-12-31 20:39:27,229 DEBUG ----------
2018-12-31 20:40:40,811 DEBUG train Loss: 0.4701 Acc: 0.8323
2018-12-31 20:40:40,811 DEBUG   Correct: [(1, 32527), (0, 25963)]
2018-12-31 20:40:40,811 DEBUG   Wrong: [(1, 6752), (0, 5036)]
2018-12-31 20:40:49,719 DEBUG val Loss: 0.5595 Acc: 0.7385
2018-12-31 20:40:49,720 DEBUG   Correct: [(1, 14484), (0, 11080)]
2018-12-31 20:40:49,720 DEBUG   Wrong: [(1, 4863), (0, 4188)]
2018-12-31 20:40:49,720 INFO Epoch 10, New Best Model found: Acc 0.7385
2018-12-31 20:40:49,733 DEBUG Epoch 11/200
2018-12-31 20:40:49,733 DEBUG ----------
2018-12-31 20:41:54,948 DEBUG train Loss: 0.4663 Acc: 0.8359
2018-12-31 20:41:54,950 DEBUG   Correct: [(1, 32638), (0, 26107)]
2018-12-31 20:41:54,950 DEBUG   Wrong: [(1, 6641), (0, 4892)]
2018-12-31 20:42:01,644 DEBUG val Loss: 0.5616 Acc: 0.7363
2018-12-31 20:42:01,645 DEBUG   Correct: [(1, 14343), (0, 11144)]
2018-12-31 20:42:01,645 DEBUG   Wrong: [(1, 5004), (0, 4124)]
2018-12-31 20:42:01,645 DEBUG Epoch 12/200
2018-12-31 20:42:01,645 DEBUG ----------
2018-12-31 20:42:58,006 DEBUG train Loss: 0.4591 Acc: 0.8450
2018-12-31 20:42:58,006 DEBUG   Correct: [(1, 33194), (0, 26192)]
2018-12-31 20:42:58,007 DEBUG   Wrong: [(1, 6085), (0, 4807)]
2018-12-31 20:43:04,862 DEBUG val Loss: 0.5620 Acc: 0.7375
2018-12-31 20:43:04,862 DEBUG   Correct: [(1, 14557), (0, 10971)]
2018-12-31 20:43:04,862 DEBUG   Wrong: [(1, 4790), (0, 4297)]
2018-12-31 20:43:04,862 DEBUG Epoch 13/200
2018-12-31 20:43:04,862 DEBUG ----------
2018-12-31 20:44:01,436 DEBUG train Loss: 0.4545 Acc: 0.8504
2018-12-31 20:44:01,436 DEBUG   Correct: [(1, 33248), (0, 26514)]
2018-12-31 20:44:01,436 DEBUG   Wrong: [(1, 6031), (0, 4485)]
2018-12-31 20:44:08,283 DEBUG val Loss: 0.5648 Acc: 0.7355
2018-12-31 20:44:08,283 DEBUG   Correct: [(1, 14387), (0, 11072)]
2018-12-31 20:44:08,283 DEBUG   Wrong: [(1, 4960), (0, 4196)]
2018-12-31 20:44:08,283 DEBUG Epoch 14/200
2018-12-31 20:44:08,284 DEBUG ----------
2018-12-31 20:45:03,895 DEBUG train Loss: 0.4495 Acc: 0.8566
2018-12-31 20:45:03,895 DEBUG   Correct: [(1, 33651), (0, 26551)]
2018-12-31 20:45:03,895 DEBUG   Wrong: [(1, 5628), (0, 4448)]
2018-12-31 20:45:10,666 DEBUG val Loss: 0.5615 Acc: 0.7405
2018-12-31 20:45:10,666 DEBUG   Correct: [(1, 14511), (0, 11120)]
2018-12-31 20:45:10,666 DEBUG   Wrong: [(1, 4836), (0, 4148)]
2018-12-31 20:45:10,666 INFO Epoch 14, New Best Model found: Acc 0.7405
2018-12-31 20:45:10,676 DEBUG Epoch 15/200
2018-12-31 20:45:10,677 DEBUG ----------
2018-12-31 20:46:06,817 DEBUG train Loss: 0.4488 Acc: 0.8572
2018-12-31 20:46:06,818 DEBUG   Correct: [(1, 33728), (0, 26517)]
2018-12-31 20:46:06,818 DEBUG   Wrong: [(1, 5551), (0, 4482)]
2018-12-31 20:46:13,462 DEBUG val Loss: 0.5662 Acc: 0.7362
2018-12-31 20:46:13,462 DEBUG   Correct: [(1, 14614), (0, 10869)]
2018-12-31 20:46:13,462 DEBUG   Wrong: [(1, 4733), (0, 4399)]
2018-12-31 20:46:13,462 DEBUG Epoch 16/200
2018-12-31 20:46:13,462 DEBUG ----------
2018-12-31 20:47:08,876 DEBUG train Loss: 0.4439 Acc: 0.8626
2018-12-31 20:47:08,876 DEBUG   Correct: [(1, 33861), (0, 26758)]
2018-12-31 20:47:08,876 DEBUG   Wrong: [(1, 5418), (0, 4241)]
2018-12-31 20:47:15,303 DEBUG val Loss: 0.5654 Acc: 0.7371
2018-12-31 20:47:15,303 DEBUG   Correct: [(1, 14635), (0, 10881)]
2018-12-31 20:47:15,303 DEBUG   Wrong: [(1, 4712), (0, 4387)]
2018-12-31 20:47:15,303 DEBUG Epoch 17/200
2018-12-31 20:47:15,304 DEBUG ----------
2018-12-31 20:48:11,459 DEBUG train Loss: 0.4410 Acc: 0.8652
2018-12-31 20:48:11,459 DEBUG   Correct: [(1, 33989), (0, 26817)]
2018-12-31 20:48:11,459 DEBUG   Wrong: [(1, 5290), (0, 4182)]
2018-12-31 20:48:18,315 DEBUG val Loss: 0.5610 Acc: 0.7423
2018-12-31 20:48:18,315 DEBUG   Correct: [(1, 14865), (0, 10831)]
2018-12-31 20:48:18,315 DEBUG   Wrong: [(1, 4482), (0, 4437)]
2018-12-31 20:48:18,315 INFO Epoch 17, New Best Model found: Acc 0.7423
2018-12-31 20:48:18,322 DEBUG Epoch 18/200
2018-12-31 20:48:18,322 DEBUG ----------
2018-12-31 20:49:13,720 DEBUG train Loss: 0.4378 Acc: 0.8684
2018-12-31 20:49:13,720 DEBUG   Correct: [(1, 34178), (0, 26852)]
2018-12-31 20:49:13,720 DEBUG   Wrong: [(1, 5101), (0, 4147)]
2018-12-31 20:49:20,418 DEBUG val Loss: 0.5622 Acc: 0.7398
2018-12-31 20:49:20,418 DEBUG   Correct: [(1, 14835), (0, 10773)]
2018-12-31 20:49:20,418 DEBUG   Wrong: [(1, 4512), (0, 4495)]
2018-12-31 20:49:20,418 DEBUG Epoch 19/200
2018-12-31 20:49:20,418 DEBUG ----------
2018-12-31 20:50:16,490 DEBUG train Loss: 0.4341 Acc: 0.8730
2018-12-31 20:50:16,491 DEBUG   Correct: [(1, 34386), (0, 26969)]
2018-12-31 20:50:16,491 DEBUG   Wrong: [(1, 4893), (0, 4030)]
2018-12-31 20:50:23,022 DEBUG val Loss: 0.5611 Acc: 0.7407
2018-12-31 20:50:23,022 DEBUG   Correct: [(1, 14607), (0, 11034)]
2018-12-31 20:50:23,022 DEBUG   Wrong: [(1, 4740), (0, 4234)]
2018-12-31 20:50:23,022 DEBUG Epoch 20/200
2018-12-31 20:50:23,022 DEBUG ----------
2018-12-31 20:51:19,527 DEBUG train Loss: 0.4317 Acc: 0.8752
2018-12-31 20:51:19,527 DEBUG   Correct: [(1, 34465), (0, 27044)]
2018-12-31 20:51:19,527 DEBUG   Wrong: [(1, 4814), (0, 3955)]
2018-12-31 20:51:25,943 DEBUG val Loss: 0.5668 Acc: 0.7351
2018-12-31 20:51:25,943 DEBUG   Correct: [(1, 14400), (0, 11044)]
2018-12-31 20:51:25,943 DEBUG   Wrong: [(1, 4947), (0, 4224)]
2018-12-31 20:51:25,943 DEBUG Epoch 21/200
2018-12-31 20:51:25,943 DEBUG ----------
2018-12-31 20:52:20,247 DEBUG train Loss: 0.4274 Acc: 0.8797
2018-12-31 20:52:20,248 DEBUG   Correct: [(1, 34615), (0, 27208)]
2018-12-31 20:52:20,248 DEBUG   Wrong: [(1, 4664), (0, 3791)]
2018-12-31 20:52:26,834 DEBUG val Loss: 0.5633 Acc: 0.7391
2018-12-31 20:52:26,834 DEBUG   Correct: [(1, 14556), (0, 11029)]
2018-12-31 20:52:26,834 DEBUG   Wrong: [(1, 4791), (0, 4239)]
2018-12-31 20:52:26,834 DEBUG Epoch 22/200
2018-12-31 20:52:26,834 DEBUG ----------
2018-12-31 20:53:23,601 DEBUG train Loss: 0.4259 Acc: 0.8816
2018-12-31 20:53:23,602 DEBUG   Correct: [(1, 34726), (0, 27234)]
2018-12-31 20:53:23,602 DEBUG   Wrong: [(1, 4553), (0, 3765)]
2018-12-31 20:53:30,071 DEBUG val Loss: 0.5653 Acc: 0.7379
2018-12-31 20:53:30,071 DEBUG   Correct: [(1, 14748), (0, 10796)]
2018-12-31 20:53:30,071 DEBUG   Wrong: [(1, 4599), (0, 4472)]
2018-12-31 20:53:30,071 DEBUG Epoch 23/200
2018-12-31 20:53:30,071 DEBUG ----------
2018-12-31 20:54:25,090 DEBUG train Loss: 0.4251 Acc: 0.8827
2018-12-31 20:54:25,090 DEBUG   Correct: [(1, 34803), (0, 27230)]
2018-12-31 20:54:25,090 DEBUG   Wrong: [(1, 4476), (0, 3769)]
2018-12-31 20:54:32,099 DEBUG val Loss: 0.5631 Acc: 0.7414
2018-12-31 20:54:32,099 DEBUG   Correct: [(1, 14830), (0, 10835)]
2018-12-31 20:54:32,099 DEBUG   Wrong: [(1, 4517), (0, 4433)]
2018-12-31 20:54:32,099 DEBUG Epoch 24/200
2018-12-31 20:54:32,099 DEBUG ----------
2018-12-31 20:55:27,602 DEBUG train Loss: 0.4214 Acc: 0.8865
2018-12-31 20:55:27,609 DEBUG   Correct: [(1, 34836), (0, 27466)]
2018-12-31 20:55:27,609 DEBUG   Wrong: [(1, 4443), (0, 3533)]
2018-12-31 20:55:33,771 DEBUG val Loss: 0.5687 Acc: 0.7349
2018-12-31 20:55:33,771 DEBUG   Correct: [(1, 14280), (0, 11157)]
2018-12-31 20:55:33,771 DEBUG   Wrong: [(1, 5067), (0, 4111)]
2018-12-31 20:55:33,771 DEBUG Epoch 25/200
2018-12-31 20:55:33,771 DEBUG ----------
2018-12-31 20:56:28,422 DEBUG train Loss: 0.4208 Acc: 0.8877
2018-12-31 20:56:28,423 DEBUG   Correct: [(1, 35018), (0, 27371)]
2018-12-31 20:56:28,423 DEBUG   Wrong: [(1, 4261), (0, 3628)]
2018-12-31 20:56:35,013 DEBUG val Loss: 0.5659 Acc: 0.7387
2018-12-31 20:56:35,013 DEBUG   Correct: [(1, 14860), (0, 10710)]
2018-12-31 20:56:35,013 DEBUG   Wrong: [(0, 4558), (1, 4487)]
2018-12-31 20:56:35,013 DEBUG Epoch 26/200
2018-12-31 20:56:35,013 DEBUG ----------
2018-12-31 20:57:30,859 DEBUG train Loss: 0.4178 Acc: 0.8913
2018-12-31 20:57:30,859 DEBUG   Correct: [(1, 35216), (0, 27426)]
2018-12-31 20:57:30,860 DEBUG   Wrong: [(1, 4063), (0, 3573)]
2018-12-31 20:57:37,740 DEBUG val Loss: 0.5677 Acc: 0.7379
2018-12-31 20:57:37,740 DEBUG   Correct: [(1, 15293), (0, 10250)]
2018-12-31 20:57:37,740 DEBUG   Wrong: [(0, 5018), (1, 4054)]
2018-12-31 20:57:37,740 DEBUG Epoch 27/200
2018-12-31 20:57:37,740 DEBUG ----------
2018-12-31 20:58:34,283 DEBUG train Loss: 0.4159 Acc: 0.8940
2018-12-31 20:58:34,283 DEBUG   Correct: [(1, 35458), (0, 27370)]
2018-12-31 20:58:34,283 DEBUG   Wrong: [(1, 3821), (0, 3629)]
2018-12-31 20:58:41,220 DEBUG val Loss: 0.5658 Acc: 0.7378
2018-12-31 20:58:41,221 DEBUG   Correct: [(1, 15014), (0, 10524)]
2018-12-31 20:58:41,221 DEBUG   Wrong: [(0, 4744), (1, 4333)]
2018-12-31 20:58:41,221 DEBUG Epoch 28/200
2018-12-31 20:58:41,221 DEBUG ----------
2018-12-31 20:59:37,242 DEBUG train Loss: 0.4150 Acc: 0.8944
2018-12-31 20:59:37,242 DEBUG   Correct: [(1, 35382), (0, 27473)]
2018-12-31 20:59:37,242 DEBUG   Wrong: [(1, 3897), (0, 3526)]
2018-12-31 20:59:43,195 DEBUG val Loss: 0.5625 Acc: 0.7428
2018-12-31 20:59:43,196 DEBUG   Correct: [(1, 14830), (0, 10883)]
2018-12-31 20:59:43,196 DEBUG   Wrong: [(1, 4517), (0, 4385)]
2018-12-31 20:59:43,196 INFO Epoch 28, New Best Model found: Acc 0.7428
2018-12-31 20:59:43,203 DEBUG Epoch 29/200
2018-12-31 20:59:43,203 DEBUG ----------
2018-12-31 21:00:38,502 DEBUG train Loss: 0.4138 Acc: 0.8957
2018-12-31 21:00:38,502 DEBUG   Correct: [(1, 35317), (0, 27632)]
2018-12-31 21:00:38,503 DEBUG   Wrong: [(1, 3962), (0, 3367)]
2018-12-31 21:00:45,169 DEBUG val Loss: 0.5634 Acc: 0.7418
2018-12-31 21:00:45,169 DEBUG   Correct: [(1, 15062), (0, 10616)]
2018-12-31 21:00:45,169 DEBUG   Wrong: [(0, 4652), (1, 4285)]
2018-12-31 21:00:45,169 DEBUG Epoch 30/200
2018-12-31 21:00:45,169 DEBUG ----------
2018-12-31 21:01:41,127 DEBUG train Loss: 0.4108 Acc: 0.8989
2018-12-31 21:01:41,127 DEBUG   Correct: [(1, 35550), (0, 27624)]
2018-12-31 21:01:41,127 DEBUG   Wrong: [(1, 3729), (0, 3375)]
2018-12-31 21:01:47,852 DEBUG val Loss: 0.5629 Acc: 0.7416
2018-12-31 21:01:47,852 DEBUG   Correct: [(1, 14877), (0, 10795)]
2018-12-31 21:01:47,852 DEBUG   Wrong: [(0, 4473), (1, 4470)]
2018-12-31 21:01:47,852 DEBUG Epoch 31/200
2018-12-31 21:01:47,852 DEBUG ----------
2018-12-31 21:02:44,910 DEBUG train Loss: 0.4087 Acc: 0.9014
2018-12-31 21:02:44,911 DEBUG   Correct: [(1, 35686), (0, 27660)]
2018-12-31 21:02:44,911 DEBUG   Wrong: [(1, 3593), (0, 3339)]
2018-12-31 21:02:51,439 DEBUG val Loss: 0.5652 Acc: 0.7406
2018-12-31 21:02:51,439 DEBUG   Correct: [(1, 14935), (0, 10700)]
2018-12-31 21:02:51,439 DEBUG   Wrong: [(0, 4568), (1, 4412)]
2018-12-31 21:02:51,439 DEBUG Epoch 32/200
2018-12-31 21:02:51,439 DEBUG ----------
2018-12-31 21:03:46,683 DEBUG train Loss: 0.4081 Acc: 0.9013
2018-12-31 21:03:46,683 DEBUG   Correct: [(1, 35560), (0, 27779)]
2018-12-31 21:03:46,683 DEBUG   Wrong: [(1, 3719), (0, 3220)]
2018-12-31 21:03:52,847 DEBUG val Loss: 0.5622 Acc: 0.7426
2018-12-31 21:03:52,847 DEBUG   Correct: [(1, 14897), (0, 10808)]
2018-12-31 21:03:52,847 DEBUG   Wrong: [(0, 4460), (1, 4450)]
2018-12-31 21:03:52,847 DEBUG Epoch 33/200
2018-12-31 21:03:52,847 DEBUG ----------
2018-12-31 21:04:48,178 DEBUG train Loss: 0.4048 Acc: 0.9052
2018-12-31 21:04:48,178 DEBUG   Correct: [(1, 35704), (0, 27911)]
2018-12-31 21:04:48,178 DEBUG   Wrong: [(1, 3575), (0, 3088)]
2018-12-31 21:04:54,451 DEBUG val Loss: 0.5668 Acc: 0.7385
2018-12-31 21:04:54,451 DEBUG   Correct: [(1, 14981), (0, 10581)]
2018-12-31 21:04:54,451 DEBUG   Wrong: [(0, 4687), (1, 4366)]
2018-12-31 21:04:54,451 DEBUG Epoch 34/200
2018-12-31 21:04:54,451 DEBUG ----------
2018-12-31 21:05:50,327 DEBUG train Loss: 0.4065 Acc: 0.9034
2018-12-31 21:05:50,328 DEBUG   Correct: [(1, 35756), (0, 27731)]
2018-12-31 21:05:50,328 DEBUG   Wrong: [(1, 3523), (0, 3268)]
2018-12-31 21:05:56,625 DEBUG val Loss: 0.5675 Acc: 0.7378
2018-12-31 21:05:56,625 DEBUG   Correct: [(1, 14735), (0, 10804)]
2018-12-31 21:05:56,625 DEBUG   Wrong: [(1, 4612), (0, 4464)]
2018-12-31 21:05:56,625 DEBUG Epoch 35/200
2018-12-31 21:05:56,625 DEBUG ----------
2018-12-31 21:06:52,728 DEBUG train Loss: 0.4046 Acc: 0.9054
2018-12-31 21:06:52,733 DEBUG   Correct: [(1, 35756), (0, 27872)]
2018-12-31 21:06:52,734 DEBUG   Wrong: [(1, 3523), (0, 3127)]
2018-12-31 21:06:59,164 DEBUG val Loss: 0.5683 Acc: 0.7371
2018-12-31 21:06:59,164 DEBUG   Correct: [(1, 14965), (0, 10550)]
2018-12-31 21:06:59,164 DEBUG   Wrong: [(0, 4718), (1, 4382)]
2018-12-31 21:06:59,164 DEBUG Epoch 36/200
2018-12-31 21:06:59,164 DEBUG ----------
2018-12-31 21:07:54,161 DEBUG train Loss: 0.4025 Acc: 0.9072
2018-12-31 21:07:54,161 DEBUG   Correct: [(1, 35818), (0, 27938)]
2018-12-31 21:07:54,161 DEBUG   Wrong: [(1, 3461), (0, 3061)]
2018-12-31 21:08:01,110 DEBUG val Loss: 0.5654 Acc: 0.7394
2018-12-31 21:08:01,115 DEBUG   Correct: [(1, 14777), (0, 10816)]
2018-12-31 21:08:01,115 DEBUG   Wrong: [(1, 4570), (0, 4452)]
2018-12-31 21:08:01,115 DEBUG Epoch 37/200
2018-12-31 21:08:01,115 DEBUG ----------
2018-12-31 21:08:56,798 DEBUG train Loss: 0.4011 Acc: 0.9095
2018-12-31 21:08:56,798 DEBUG   Correct: [(1, 35959), (0, 27958)]
2018-12-31 21:08:56,798 DEBUG   Wrong: [(1, 3320), (0, 3041)]
2018-12-31 21:09:03,090 DEBUG val Loss: 0.5669 Acc: 0.7400
2018-12-31 21:09:03,091 DEBUG   Correct: [(1, 14963), (0, 10652)]
2018-12-31 21:09:03,091 DEBUG   Wrong: [(0, 4616), (1, 4384)]
2018-12-31 21:09:03,091 DEBUG Epoch 38/200
2018-12-31 21:09:03,091 DEBUG ----------
2018-12-31 21:09:59,037 DEBUG train Loss: 0.4013 Acc: 0.9092
2018-12-31 21:09:59,038 DEBUG   Correct: [(1, 36108), (0, 27791)]
2018-12-31 21:09:59,038 DEBUG   Wrong: [(0, 3208), (1, 3171)]
2018-12-31 21:10:05,962 DEBUG val Loss: 0.5662 Acc: 0.7397
2018-12-31 21:10:05,962 DEBUG   Correct: [(1, 14968), (0, 10635)]
2018-12-31 21:10:05,963 DEBUG   Wrong: [(0, 4633), (1, 4379)]
2018-12-31 21:10:05,963 DEBUG Epoch 39/200
2018-12-31 21:10:05,963 DEBUG ----------
2018-12-31 21:11:00,573 DEBUG train Loss: 0.4016 Acc: 0.9090
2018-12-31 21:11:00,574 DEBUG   Correct: [(1, 35961), (0, 27923)]
2018-12-31 21:11:00,574 DEBUG   Wrong: [(1, 3318), (0, 3076)]
2018-12-31 21:11:07,208 DEBUG val Loss: 0.5636 Acc: 0.7429
2018-12-31 21:11:07,208 DEBUG   Correct: [(1, 14979), (0, 10737)]
2018-12-31 21:11:07,208 DEBUG   Wrong: [(0, 4531), (1, 4368)]
2018-12-31 21:11:07,208 INFO Epoch 39, New Best Model found: Acc 0.7429
2018-12-31 21:11:07,217 DEBUG Epoch 40/200
2018-12-31 21:11:07,217 DEBUG ----------
2018-12-31 21:12:04,906 DEBUG train Loss: 0.3990 Acc: 0.9112
2018-12-31 21:12:04,906 DEBUG   Correct: [(1, 36117), (0, 27921)]
2018-12-31 21:12:04,906 DEBUG   Wrong: [(1, 3162), (0, 3078)]
2018-12-31 21:12:11,804 DEBUG val Loss: 0.5667 Acc: 0.7388
2018-12-31 21:12:11,804 DEBUG   Correct: [(1, 14855), (0, 10717)]
2018-12-31 21:12:11,804 DEBUG   Wrong: [(0, 4551), (1, 4492)]
2018-12-31 21:12:11,804 DEBUG Epoch 41/200
2018-12-31 21:12:11,804 DEBUG ----------
2018-12-31 21:13:06,926 DEBUG train Loss: 0.3961 Acc: 0.9144
2018-12-31 21:13:06,929 DEBUG   Correct: [(1, 36204), (0, 28056)]
2018-12-31 21:13:06,929 DEBUG   Wrong: [(1, 3075), (0, 2943)]
2018-12-31 21:13:13,399 DEBUG val Loss: 0.5689 Acc: 0.7366
2018-12-31 21:13:13,399 DEBUG   Correct: [(1, 14552), (0, 10946)]
2018-12-31 21:13:13,399 DEBUG   Wrong: [(1, 4795), (0, 4322)]
2018-12-31 21:13:13,399 DEBUG Epoch 42/200
2018-12-31 21:13:13,399 DEBUG ----------
2018-12-31 21:14:09,187 DEBUG train Loss: 0.3957 Acc: 0.9155
2018-12-31 21:14:09,187 DEBUG   Correct: [(1, 36340), (0, 28001)]
2018-12-31 21:14:09,187 DEBUG   Wrong: [(0, 2998), (1, 2939)]
2018-12-31 21:14:15,604 DEBUG val Loss: 0.5666 Acc: 0.7398
2018-12-31 21:14:15,604 DEBUG   Correct: [(1, 14793), (0, 10815)]
2018-12-31 21:14:15,604 DEBUG   Wrong: [(1, 4554), (0, 4453)]
2018-12-31 21:14:15,604 DEBUG Epoch 43/200
2018-12-31 21:14:15,604 DEBUG ----------
2018-12-31 21:15:12,034 DEBUG train Loss: 0.3952 Acc: 0.9155
2018-12-31 21:15:12,035 DEBUG   Correct: [(1, 36269), (0, 28067)]
2018-12-31 21:15:12,035 DEBUG   Wrong: [(1, 3010), (0, 2932)]
2018-12-31 21:15:18,073 DEBUG val Loss: 0.5662 Acc: 0.7414
2018-12-31 21:15:18,073 DEBUG   Correct: [(1, 15091), (0, 10571)]
2018-12-31 21:15:18,073 DEBUG   Wrong: [(0, 4697), (1, 4256)]
2018-12-31 21:15:18,074 DEBUG Epoch 44/200
2018-12-31 21:15:18,074 DEBUG ----------
2018-12-31 21:16:14,979 DEBUG train Loss: 0.3948 Acc: 0.9154
2018-12-31 21:16:14,979 DEBUG   Correct: [(1, 36315), (0, 28018)]
2018-12-31 21:16:14,979 DEBUG   Wrong: [(0, 2981), (1, 2964)]
2018-12-31 21:16:21,392 DEBUG val Loss: 0.5676 Acc: 0.7387
2018-12-31 21:16:21,392 DEBUG   Correct: [(1, 14824), (0, 10746)]
2018-12-31 21:16:21,392 DEBUG   Wrong: [(1, 4523), (0, 4522)]
2018-12-31 21:16:21,392 DEBUG Epoch 45/200
2018-12-31 21:16:21,392 DEBUG ----------
2018-12-31 21:17:16,407 DEBUG train Loss: 0.3930 Acc: 0.9178
2018-12-31 21:17:16,407 DEBUG   Correct: [(1, 36376), (0, 28122)]
2018-12-31 21:17:16,407 DEBUG   Wrong: [(1, 2903), (0, 2877)]
2018-12-31 21:17:23,431 DEBUG val Loss: 0.5680 Acc: 0.7373
2018-12-31 21:17:23,432 DEBUG   Correct: [(1, 14536), (0, 10986)]
2018-12-31 21:17:23,432 DEBUG   Wrong: [(1, 4811), (0, 4282)]
2018-12-31 21:17:23,432 DEBUG Epoch 46/200
2018-12-31 21:17:23,432 DEBUG ----------
2018-12-31 21:18:18,334 DEBUG train Loss: 0.3908 Acc: 0.9193
2018-12-31 21:18:18,335 DEBUG   Correct: [(1, 36383), (0, 28223)]
2018-12-31 21:18:18,335 DEBUG   Wrong: [(1, 2896), (0, 2776)]
2018-12-31 21:18:24,773 DEBUG val Loss: 0.5718 Acc: 0.7340
2018-12-31 21:18:24,774 DEBUG   Correct: [(1, 14255), (0, 11154)]
2018-12-31 21:18:24,774 DEBUG   Wrong: [(1, 5092), (0, 4114)]
2018-12-31 21:18:24,774 DEBUG Epoch 47/200
2018-12-31 21:18:24,774 DEBUG ----------
2018-12-31 21:19:20,065 DEBUG train Loss: 0.3900 Acc: 0.9215
2018-12-31 21:19:20,065 DEBUG   Correct: [(1, 36447), (0, 28316)]
2018-12-31 21:19:20,065 DEBUG   Wrong: [(1, 2832), (0, 2683)]
2018-12-31 21:19:26,793 DEBUG val Loss: 0.5663 Acc: 0.7415
2018-12-31 21:19:26,793 DEBUG   Correct: [(1, 14945), (0, 10723)]
2018-12-31 21:19:26,793 DEBUG   Wrong: [(0, 4545), (1, 4402)]
2018-12-31 21:19:26,793 DEBUG Epoch 48/200
2018-12-31 21:19:26,794 DEBUG ----------
2018-12-31 21:20:22,555 DEBUG train Loss: 0.3918 Acc: 0.9192
2018-12-31 21:20:22,555 DEBUG   Correct: [(1, 36468), (0, 28134)]
2018-12-31 21:20:22,555 DEBUG   Wrong: [(0, 2865), (1, 2811)]
2018-12-31 21:20:29,358 DEBUG val Loss: 0.5687 Acc: 0.7371
2018-12-31 21:20:29,359 DEBUG   Correct: [(1, 14694), (0, 10820)]
2018-12-31 21:20:29,359 DEBUG   Wrong: [(1, 4653), (0, 4448)]
2018-12-31 21:20:29,359 DEBUG Epoch 49/200
2018-12-31 21:20:29,359 DEBUG ----------
2018-12-31 21:21:24,778 DEBUG train Loss: 0.3910 Acc: 0.9206
2018-12-31 21:21:24,786 DEBUG   Correct: [(1, 36486), (0, 28214)]
2018-12-31 21:21:24,786 DEBUG   Wrong: [(1, 2793), (0, 2785)]
2018-12-31 21:21:31,378 DEBUG val Loss: 0.5682 Acc: 0.7390
2018-12-31 21:21:31,378 DEBUG   Correct: [(1, 15163), (0, 10416)]
2018-12-31 21:21:31,378 DEBUG   Wrong: [(0, 4852), (1, 4184)]
2018-12-31 21:21:31,378 DEBUG Epoch 50/200
2018-12-31 21:21:31,378 DEBUG ----------
2018-12-31 21:22:26,911 DEBUG train Loss: 0.3888 Acc: 0.9227
2018-12-31 21:22:26,911 DEBUG   Correct: [(1, 36524), (0, 28320)]
2018-12-31 21:22:26,911 DEBUG   Wrong: [(1, 2755), (0, 2679)]
2018-12-31 21:22:33,730 DEBUG val Loss: 0.5657 Acc: 0.7413
2018-12-31 21:22:33,736 DEBUG   Correct: [(1, 15297), (0, 10363)]
2018-12-31 21:22:33,737 DEBUG   Wrong: [(0, 4905), (1, 4050)]
2018-12-31 21:22:33,737 DEBUG Epoch 51/200
2018-12-31 21:22:33,737 DEBUG ----------
2018-12-31 21:23:29,715 DEBUG train Loss: 0.3875 Acc: 0.9239
2018-12-31 21:23:29,715 DEBUG   Correct: [(1, 36656), (0, 28275)]
2018-12-31 21:23:29,715 DEBUG   Wrong: [(0, 2724), (1, 2623)]
2018-12-31 21:23:36,215 DEBUG val Loss: 0.5661 Acc: 0.7407
2018-12-31 21:23:36,215 DEBUG   Correct: [(1, 15147), (0, 10494)]
2018-12-31 21:23:36,216 DEBUG   Wrong: [(0, 4774), (1, 4200)]
2018-12-31 21:23:36,216 DEBUG Epoch 52/200
2018-12-31 21:23:36,216 DEBUG ----------
2018-12-31 21:24:32,873 DEBUG train Loss: 0.3869 Acc: 0.9249
2018-12-31 21:24:32,874 DEBUG   Correct: [(1, 36671), (0, 28327)]
2018-12-31 21:24:32,874 DEBUG   Wrong: [(0, 2672), (1, 2608)]
2018-12-31 21:24:39,057 DEBUG val Loss: 0.5659 Acc: 0.7419
2018-12-31 21:24:39,057 DEBUG   Correct: [(1, 15032), (0, 10650)]
2018-12-31 21:24:39,057 DEBUG   Wrong: [(0, 4618), (1, 4315)]
2018-12-31 21:24:39,058 DEBUG Epoch 53/200
2018-12-31 21:24:39,058 DEBUG ----------
2018-12-31 21:25:34,614 DEBUG train Loss: 0.3869 Acc: 0.9246
2018-12-31 21:25:34,615 DEBUG   Correct: [(1, 36678), (0, 28299)]
2018-12-31 21:25:34,615 DEBUG   Wrong: [(0, 2700), (1, 2601)]
2018-12-31 21:25:41,112 DEBUG val Loss: 0.5679 Acc: 0.7390
2018-12-31 21:25:41,113 DEBUG   Correct: [(1, 15011), (0, 10570)]
2018-12-31 21:25:41,113 DEBUG   Wrong: [(0, 4698), (1, 4336)]
2018-12-31 21:25:41,113 DEBUG Epoch 54/200
2018-12-31 21:25:41,113 DEBUG ----------
2018-12-31 21:26:36,637 DEBUG train Loss: 0.3863 Acc: 0.9250
2018-12-31 21:26:36,637 DEBUG   Correct: [(1, 36654), (0, 28356)]
2018-12-31 21:26:36,637 DEBUG   Wrong: [(0, 2643), (1, 2625)]
2018-12-31 21:26:43,589 DEBUG val Loss: 0.5667 Acc: 0.7399
2018-12-31 21:26:43,589 DEBUG   Correct: [(1, 15014), (0, 10599)]
2018-12-31 21:26:43,590 DEBUG   Wrong: [(0, 4669), (1, 4333)]
2018-12-31 21:26:43,590 DEBUG Epoch 55/200
2018-12-31 21:26:43,590 DEBUG ----------
2018-12-31 21:27:38,665 DEBUG train Loss: 0.3846 Acc: 0.9271
2018-12-31 21:27:38,665 DEBUG   Correct: [(1, 36744), (0, 28412)]
2018-12-31 21:27:38,665 DEBUG   Wrong: [(0, 2587), (1, 2535)]
2018-12-31 21:27:44,646 DEBUG val Loss: 0.5687 Acc: 0.7375
2018-12-31 21:27:44,646 DEBUG   Correct: [(1, 14718), (0, 10809)]
2018-12-31 21:27:44,646 DEBUG   Wrong: [(1, 4629), (0, 4459)]
2018-12-31 21:27:44,646 DEBUG Epoch 56/200
2018-12-31 21:27:44,647 DEBUG ----------
2018-12-31 21:28:38,516 DEBUG train Loss: 0.3852 Acc: 0.9262
2018-12-31 21:28:38,517 DEBUG   Correct: [(1, 36664), (0, 28424)]
2018-12-31 21:28:38,517 DEBUG   Wrong: [(1, 2615), (0, 2575)]
2018-12-31 21:28:45,594 DEBUG val Loss: 0.5668 Acc: 0.7409
2018-12-31 21:28:45,594 DEBUG   Correct: [(1, 15215), (0, 10431)]
2018-12-31 21:28:45,595 DEBUG   Wrong: [(0, 4837), (1, 4132)]
2018-12-31 21:28:45,595 DEBUG Epoch 57/200
2018-12-31 21:28:45,595 DEBUG ----------
2018-12-31 21:29:38,334 DEBUG train Loss: 0.3869 Acc: 0.9240
2018-12-31 21:29:38,334 DEBUG   Correct: [(1, 36617), (0, 28321)]
2018-12-31 21:29:38,334 DEBUG   Wrong: [(0, 2678), (1, 2662)]
2018-12-31 21:29:44,371 DEBUG val Loss: 0.5652 Acc: 0.7426
2018-12-31 21:29:44,371 DEBUG   Correct: [(1, 15385), (0, 10320)]
2018-12-31 21:29:44,371 DEBUG   Wrong: [(0, 4948), (1, 3962)]
2018-12-31 21:29:44,371 DEBUG Epoch 58/200
2018-12-31 21:29:44,371 DEBUG ----------
2018-12-31 21:30:40,088 DEBUG train Loss: 0.3859 Acc: 0.9253
2018-12-31 21:30:40,088 DEBUG   Correct: [(1, 36721), (0, 28307)]
2018-12-31 21:30:40,088 DEBUG   Wrong: [(0, 2692), (1, 2558)]
2018-12-31 21:30:46,118 DEBUG val Loss: 0.5648 Acc: 0.7431
2018-12-31 21:30:46,118 DEBUG   Correct: [(1, 15290), (0, 10434)]
2018-12-31 21:30:46,118 DEBUG   Wrong: [(0, 4834), (1, 4057)]
2018-12-31 21:30:46,119 INFO Epoch 58, New Best Model found: Acc 0.7431
2018-12-31 21:30:46,127 DEBUG Epoch 59/200
2018-12-31 21:30:46,127 DEBUG ----------
2018-12-31 21:31:40,779 DEBUG train Loss: 0.3844 Acc: 0.9268
2018-12-31 21:31:40,788 DEBUG   Correct: [(1, 36837), (0, 28299)]
2018-12-31 21:31:40,788 DEBUG   Wrong: [(0, 2700), (1, 2442)]
2018-12-31 21:31:46,794 DEBUG val Loss: 0.5689 Acc: 0.7379
2018-12-31 21:31:46,794 DEBUG   Correct: [(1, 14579), (0, 10964)]
2018-12-31 21:31:46,794 DEBUG   Wrong: [(1, 4768), (0, 4304)]
2018-12-31 21:31:46,794 DEBUG Epoch 60/200
2018-12-31 21:31:46,794 DEBUG ----------
2018-12-31 21:32:40,840 DEBUG train Loss: 0.3827 Acc: 0.9288
2018-12-31 21:32:40,841 DEBUG   Correct: [(1, 36785), (0, 28488)]
2018-12-31 21:32:40,841 DEBUG   Wrong: [(0, 2511), (1, 2494)]
2018-12-31 21:32:47,131 DEBUG val Loss: 0.5666 Acc: 0.7413
2018-12-31 21:32:47,132 DEBUG   Correct: [(1, 14945), (0, 10714)]
2018-12-31 21:32:47,132 DEBUG   Wrong: [(0, 4554), (1, 4402)]
2018-12-31 21:32:47,132 DEBUG Epoch 61/200
2018-12-31 21:32:47,132 DEBUG ----------
2018-12-31 21:33:42,763 DEBUG train Loss: 0.3803 Acc: 0.9314
2018-12-31 21:33:42,763 DEBUG   Correct: [(1, 36966), (0, 28494)]
2018-12-31 21:33:42,763 DEBUG   Wrong: [(0, 2505), (1, 2313)]
2018-12-31 21:33:49,333 DEBUG val Loss: 0.5650 Acc: 0.7433
2018-12-31 21:33:49,333 DEBUG   Correct: [(1, 15220), (0, 10510)]
2018-12-31 21:33:49,333 DEBUG   Wrong: [(0, 4758), (1, 4127)]
2018-12-31 21:33:49,333 INFO Epoch 61, New Best Model found: Acc 0.7433
2018-12-31 21:33:49,341 DEBUG Epoch 62/200
2018-12-31 21:33:49,342 DEBUG ----------
2018-12-31 21:34:44,109 DEBUG train Loss: 0.3807 Acc: 0.9306
2018-12-31 21:34:44,112 DEBUG   Correct: [(1, 36906), (0, 28492)]
2018-12-31 21:34:44,112 DEBUG   Wrong: [(0, 2507), (1, 2373)]
2018-12-31 21:34:50,270 DEBUG val Loss: 0.5666 Acc: 0.7411
2018-12-31 21:34:50,270 DEBUG   Correct: [(1, 15019), (0, 10634)]
2018-12-31 21:34:50,270 DEBUG   Wrong: [(0, 4634), (1, 4328)]
2018-12-31 21:34:50,271 DEBUG Epoch 63/200
2018-12-31 21:34:50,271 DEBUG ----------
2018-12-31 21:35:46,773 DEBUG train Loss: 0.3816 Acc: 0.9297
2018-12-31 21:35:46,773 DEBUG   Correct: [(1, 36828), (0, 28512)]
2018-12-31 21:35:46,782 DEBUG   Wrong: [(0, 2487), (1, 2451)]
2018-12-31 21:35:53,712 DEBUG val Loss: 0.5676 Acc: 0.7403
2018-12-31 21:35:53,712 DEBUG   Correct: [(1, 14863), (0, 10763)]
2018-12-31 21:35:53,712 DEBUG   Wrong: [(0, 4505), (1, 4484)]
2018-12-31 21:35:53,712 DEBUG Epoch 64/200
2018-12-31 21:35:53,712 DEBUG ----------
2018-12-31 21:36:47,611 DEBUG train Loss: 0.3810 Acc: 0.9307
2018-12-31 21:36:47,611 DEBUG   Correct: [(1, 37012), (0, 28395)]
2018-12-31 21:36:47,611 DEBUG   Wrong: [(0, 2604), (1, 2267)]
2018-12-31 21:36:54,267 DEBUG val Loss: 0.5666 Acc: 0.7414
2018-12-31 21:36:54,268 DEBUG   Correct: [(1, 15323), (0, 10339)]
2018-12-31 21:36:54,268 DEBUG   Wrong: [(0, 4929), (1, 4024)]
2018-12-31 21:36:54,268 DEBUG Epoch 65/200
2018-12-31 21:36:54,268 DEBUG ----------
2018-12-31 21:37:49,390 DEBUG train Loss: 0.3799 Acc: 0.9318
2018-12-31 21:37:49,392 DEBUG   Correct: [(1, 36973), (0, 28509)]
2018-12-31 21:37:49,392 DEBUG   Wrong: [(0, 2490), (1, 2306)]
2018-12-31 21:37:55,379 DEBUG val Loss: 0.5671 Acc: 0.7404
2018-12-31 21:37:55,379 DEBUG   Correct: [(1, 15235), (0, 10395)]
2018-12-31 21:37:55,379 DEBUG   Wrong: [(0, 4873), (1, 4112)]
2018-12-31 21:37:55,379 DEBUG Epoch 66/200
2018-12-31 21:37:55,379 DEBUG ----------
2018-12-31 21:38:50,139 DEBUG train Loss: 0.3794 Acc: 0.9327
2018-12-31 21:38:50,139 DEBUG   Correct: [(1, 37017), (0, 28534)]
2018-12-31 21:38:50,139 DEBUG   Wrong: [(0, 2465), (1, 2262)]
2018-12-31 21:38:56,853 DEBUG val Loss: 0.5751 Acc: 0.7319
2018-12-31 21:38:56,853 DEBUG   Correct: [(1, 14493), (0, 10841)]
2018-12-31 21:38:56,853 DEBUG   Wrong: [(1, 4854), (0, 4427)]
2018-12-31 21:38:56,853 DEBUG Epoch 67/200
2018-12-31 21:38:56,853 DEBUG ----------
2018-12-31 21:39:52,291 DEBUG train Loss: 0.3822 Acc: 0.9296
2018-12-31 21:39:52,291 DEBUG   Correct: [(1, 36872), (0, 28458)]
2018-12-31 21:39:52,291 DEBUG   Wrong: [(0, 2541), (1, 2407)]
2018-12-31 21:39:58,502 DEBUG val Loss: 0.5693 Acc: 0.7385
2018-12-31 21:39:58,502 DEBUG   Correct: [(1, 15163), (0, 10401)]
2018-12-31 21:39:58,502 DEBUG   Wrong: [(0, 4867), (1, 4184)]
2018-12-31 21:39:58,502 DEBUG Epoch 68/200
2018-12-31 21:39:58,502 DEBUG ----------
2018-12-31 21:40:52,005 DEBUG train Loss: 0.3796 Acc: 0.9320
2018-12-31 21:40:52,005 DEBUG   Correct: [(1, 36931), (0, 28567)]
2018-12-31 21:40:52,005 DEBUG   Wrong: [(0, 2432), (1, 2348)]
2018-12-31 21:40:58,463 DEBUG val Loss: 0.5706 Acc: 0.7373
2018-12-31 21:40:58,463 DEBUG   Correct: [(1, 14688), (0, 10835)]
2018-12-31 21:40:58,463 DEBUG   Wrong: [(1, 4659), (0, 4433)]
2018-12-31 21:40:58,463 DEBUG Epoch 69/200
2018-12-31 21:40:58,463 DEBUG ----------
2018-12-31 21:41:52,893 DEBUG train Loss: 0.3803 Acc: 0.9315
2018-12-31 21:41:52,894 DEBUG   Correct: [(1, 36856), (0, 28611)]
2018-12-31 21:41:52,901 DEBUG   Wrong: [(1, 2423), (0, 2388)]
2018-12-31 21:41:58,885 DEBUG val Loss: 0.5668 Acc: 0.7416
2018-12-31 21:41:58,894 DEBUG   Correct: [(1, 15079), (0, 10590)]
2018-12-31 21:41:58,894 DEBUG   Wrong: [(0, 4678), (1, 4268)]
2018-12-31 21:41:58,894 DEBUG Epoch 70/200
2018-12-31 21:41:58,894 DEBUG ----------
2018-12-31 21:42:54,215 DEBUG train Loss: 0.3775 Acc: 0.9344
2018-12-31 21:42:54,215 DEBUG   Correct: [(1, 36963), (0, 28703)]
2018-12-31 21:42:54,215 DEBUG   Wrong: [(1, 2316), (0, 2296)]
2018-12-31 21:43:00,417 DEBUG val Loss: 0.5683 Acc: 0.7395
2018-12-31 21:43:00,418 DEBUG   Correct: [(1, 14957), (0, 10640)]
2018-12-31 21:43:00,418 DEBUG   Wrong: [(0, 4628), (1, 4390)]
2018-12-31 21:43:00,418 DEBUG Epoch 71/200
2018-12-31 21:43:00,418 DEBUG ----------
2018-12-31 21:43:53,563 DEBUG train Loss: 0.3780 Acc: 0.9336
2018-12-31 21:43:53,563 DEBUG   Correct: [(1, 37006), (0, 28609)]
2018-12-31 21:43:53,564 DEBUG   Wrong: [(0, 2390), (1, 2273)]
2018-12-31 21:44:00,104 DEBUG val Loss: 0.5689 Acc: 0.7385
2018-12-31 21:44:00,104 DEBUG   Correct: [(1, 15174), (0, 10388)]
2018-12-31 21:44:00,104 DEBUG   Wrong: [(0, 4880), (1, 4173)]
2018-12-31 21:44:00,105 DEBUG Epoch 72/200
2018-12-31 21:44:00,105 DEBUG ----------
2018-12-31 21:44:55,418 DEBUG train Loss: 0.3762 Acc: 0.9354
2018-12-31 21:44:55,418 DEBUG   Correct: [(1, 36998), (0, 28740)]
2018-12-31 21:44:55,418 DEBUG   Wrong: [(1, 2281), (0, 2259)]
2018-12-31 21:45:01,487 DEBUG val Loss: 0.5673 Acc: 0.7402
2018-12-31 21:45:01,488 DEBUG   Correct: [(1, 15016), (0, 10605)]
2018-12-31 21:45:01,488 DEBUG   Wrong: [(0, 4663), (1, 4331)]
2018-12-31 21:45:01,488 DEBUG Epoch 73/200
2018-12-31 21:45:01,488 DEBUG ----------
2018-12-31 21:45:55,655 DEBUG train Loss: 0.3745 Acc: 0.9374
2018-12-31 21:45:55,655 DEBUG   Correct: [(1, 37146), (0, 28734)]
2018-12-31 21:45:55,656 DEBUG   Wrong: [(0, 2265), (1, 2133)]
2018-12-31 21:46:01,919 DEBUG val Loss: 0.5725 Acc: 0.7352
2018-12-31 21:46:01,919 DEBUG   Correct: [(1, 14594), (0, 10854)]
2018-12-31 21:46:01,919 DEBUG   Wrong: [(1, 4753), (0, 4414)]
2018-12-31 21:46:01,920 DEBUG Epoch 74/200
2018-12-31 21:46:01,920 DEBUG ----------
2018-12-31 21:46:56,265 DEBUG train Loss: 0.3747 Acc: 0.9372
2018-12-31 21:46:56,265 DEBUG   Correct: [(1, 37089), (0, 28777)]
2018-12-31 21:46:56,265 DEBUG   Wrong: [(0, 2222), (1, 2190)]
2018-12-31 21:47:03,013 DEBUG val Loss: 0.5687 Acc: 0.7394
2018-12-31 21:47:03,013 DEBUG   Correct: [(1, 14772), (0, 10824)]
2018-12-31 21:47:03,014 DEBUG   Wrong: [(1, 4575), (0, 4444)]
2018-12-31 21:47:03,014 DEBUG Epoch 75/200
2018-12-31 21:47:03,014 DEBUG ----------
2018-12-31 21:47:56,144 DEBUG train Loss: 0.3741 Acc: 0.9377
2018-12-31 21:47:56,152 DEBUG   Correct: [(1, 37107), (0, 28796)]
2018-12-31 21:47:56,152 DEBUG   Wrong: [(0, 2203), (1, 2172)]
2018-12-31 21:48:02,202 DEBUG val Loss: 0.5712 Acc: 0.7366
2018-12-31 21:48:02,203 DEBUG   Correct: [(1, 15097), (0, 10401)]
2018-12-31 21:48:02,203 DEBUG   Wrong: [(0, 4867), (1, 4250)]
2018-12-31 21:48:02,203 DEBUG Epoch 76/200
2018-12-31 21:48:02,203 DEBUG ----------
2018-12-31 21:48:55,626 DEBUG train Loss: 0.3754 Acc: 0.9364
2018-12-31 21:48:55,626 DEBUG   Correct: [(1, 37134), (0, 28675)]
2018-12-31 21:48:55,627 DEBUG   Wrong: [(0, 2324), (1, 2145)]
2018-12-31 21:49:02,131 DEBUG val Loss: 0.5715 Acc: 0.7361
2018-12-31 21:49:02,131 DEBUG   Correct: [(1, 14970), (0, 10510)]
2018-12-31 21:49:02,131 DEBUG   Wrong: [(0, 4758), (1, 4377)]
2018-12-31 21:49:02,131 DEBUG Epoch 77/200
2018-12-31 21:49:02,131 DEBUG ----------
2018-12-31 21:49:56,200 DEBUG train Loss: 0.3744 Acc: 0.9372
2018-12-31 21:49:56,200 DEBUG   Correct: [(1, 37094), (0, 28771)]
2018-12-31 21:49:56,200 DEBUG   Wrong: [(0, 2228), (1, 2185)]
2018-12-31 21:50:02,541 DEBUG val Loss: 0.5691 Acc: 0.7389
2018-12-31 21:50:02,541 DEBUG   Correct: [(1, 14905), (0, 10672)]
2018-12-31 21:50:02,541 DEBUG   Wrong: [(0, 4596), (1, 4442)]
2018-12-31 21:50:02,541 DEBUG Epoch 78/200
2018-12-31 21:50:02,541 DEBUG ----------
2018-12-31 21:50:57,735 DEBUG train Loss: 0.3741 Acc: 0.9377
2018-12-31 21:50:57,735 DEBUG   Correct: [(1, 37123), (0, 28779)]
2018-12-31 21:50:57,735 DEBUG   Wrong: [(0, 2220), (1, 2156)]
2018-12-31 21:51:04,129 DEBUG val Loss: 0.5701 Acc: 0.7385
2018-12-31 21:51:04,129 DEBUG   Correct: [(1, 15115), (0, 10447)]
2018-12-31 21:51:04,129 DEBUG   Wrong: [(0, 4821), (1, 4232)]
2018-12-31 21:51:04,129 DEBUG Epoch 79/200
2018-12-31 21:51:04,130 DEBUG ----------
2018-12-31 21:52:00,411 DEBUG train Loss: 0.3741 Acc: 0.9378
2018-12-31 21:52:00,418 DEBUG   Correct: [(1, 37071), (0, 28836)]
2018-12-31 21:52:00,418 DEBUG   Wrong: [(1, 2208), (0, 2163)]
2018-12-31 21:52:07,766 DEBUG val Loss: 0.5671 Acc: 0.7416
2018-12-31 21:52:07,766 DEBUG   Correct: [(1, 15107), (0, 10563)]
2018-12-31 21:52:07,766 DEBUG   Wrong: [(0, 4705), (1, 4240)]
2018-12-31 21:52:07,766 DEBUG Epoch 80/200
2018-12-31 21:52:07,767 DEBUG ----------
2018-12-31 21:53:16,520 DEBUG train Loss: 0.3738 Acc: 0.9378
2018-12-31 21:53:16,521 DEBUG   Correct: [(1, 37124), (0, 28785)]
2018-12-31 21:53:16,521 DEBUG   Wrong: [(0, 2214), (1, 2155)]
2018-12-31 21:53:23,385 DEBUG val Loss: 0.5688 Acc: 0.7396
2018-12-31 21:53:23,386 DEBUG   Correct: [(1, 15244), (0, 10356)]
2018-12-31 21:53:23,386 DEBUG   Wrong: [(0, 4912), (1, 4103)]
2018-12-31 21:53:23,386 DEBUG Epoch 81/200
2018-12-31 21:53:23,386 DEBUG ----------
2018-12-31 21:54:28,518 DEBUG train Loss: 0.3740 Acc: 0.9377
2018-12-31 21:54:28,520 DEBUG   Correct: [(1, 37089), (0, 28808)]
2018-12-31 21:54:28,520 DEBUG   Wrong: [(0, 2191), (1, 2190)]
2018-12-31 21:54:35,838 DEBUG val Loss: 0.5694 Acc: 0.7391
2018-12-31 21:54:35,838 DEBUG   Correct: [(1, 15037), (0, 10547)]
2018-12-31 21:54:35,838 DEBUG   Wrong: [(0, 4721), (1, 4310)]
2018-12-31 21:54:35,838 DEBUG Epoch 82/200
2018-12-31 21:54:35,838 DEBUG ----------
2018-12-31 21:55:36,842 DEBUG train Loss: 0.3738 Acc: 0.9380
2018-12-31 21:55:36,842 DEBUG   Correct: [(1, 37134), (0, 28789)]
2018-12-31 21:55:36,843 DEBUG   Wrong: [(0, 2210), (1, 2145)]
2018-12-31 21:55:44,201 DEBUG val Loss: 0.5693 Acc: 0.7391
2018-12-31 21:55:44,201 DEBUG   Correct: [(1, 14952), (0, 10632)]
2018-12-31 21:55:44,202 DEBUG   Wrong: [(0, 4636), (1, 4395)]
2018-12-31 21:55:44,202 DEBUG Epoch 83/200
2018-12-31 21:55:44,202 DEBUG ----------
2018-12-31 21:56:45,347 DEBUG train Loss: 0.3728 Acc: 0.9391
2018-12-31 21:56:45,347 DEBUG   Correct: [(1, 37183), (0, 28812)]
2018-12-31 21:56:45,347 DEBUG   Wrong: [(0, 2187), (1, 2096)]
2018-12-31 21:56:52,147 DEBUG val Loss: 0.5703 Acc: 0.7379
2018-12-31 21:56:52,148 DEBUG   Correct: [(1, 14847), (0, 10696)]
2018-12-31 21:56:52,148 DEBUG   Wrong: [(0, 4572), (1, 4500)]
2018-12-31 21:56:52,148 DEBUG Epoch 84/200
2018-12-31 21:56:52,148 DEBUG ----------
2018-12-31 21:57:58,647 DEBUG train Loss: 0.3746 Acc: 0.9373
2018-12-31 21:57:58,647 DEBUG   Correct: [(1, 37112), (0, 28763)]
2018-12-31 21:57:58,647 DEBUG   Wrong: [(0, 2236), (1, 2167)]
2018-12-31 21:58:05,904 DEBUG val Loss: 0.5687 Acc: 0.7400
2018-12-31 21:58:05,904 DEBUG   Correct: [(1, 15235), (0, 10380)]
2018-12-31 21:58:05,904 DEBUG   Wrong: [(0, 4888), (1, 4112)]
2018-12-31 21:58:05,904 DEBUG Epoch 85/200
2018-12-31 21:58:05,904 DEBUG ----------
2018-12-31 21:59:07,373 DEBUG train Loss: 0.3737 Acc: 0.9381
2018-12-31 21:59:07,373 DEBUG   Correct: [(1, 37149), (0, 28780)]
2018-12-31 21:59:07,373 DEBUG   Wrong: [(0, 2219), (1, 2130)]
2018-12-31 21:59:14,278 DEBUG val Loss: 0.5717 Acc: 0.7367
2018-12-31 21:59:14,278 DEBUG   Correct: [(1, 14858), (0, 10642)]
2018-12-31 21:59:14,278 DEBUG   Wrong: [(0, 4626), (1, 4489)]
2018-12-31 21:59:14,279 DEBUG Epoch 86/200
2018-12-31 21:59:14,279 DEBUG ----------
2018-12-31 22:00:12,846 DEBUG train Loss: 0.3719 Acc: 0.9399
2018-12-31 22:00:12,846 DEBUG   Correct: [(1, 37169), (0, 28885)]
2018-12-31 22:00:12,846 DEBUG   Wrong: [(0, 2114), (1, 2110)]
2018-12-31 22:00:19,681 DEBUG val Loss: 0.5731 Acc: 0.7351
2018-12-31 22:00:19,681 DEBUG   Correct: [(1, 14576), (0, 10868)]
2018-12-31 22:00:19,682 DEBUG   Wrong: [(1, 4771), (0, 4400)]
2018-12-31 22:00:19,682 DEBUG Epoch 87/200
2018-12-31 22:00:19,682 DEBUG ----------
2018-12-31 22:01:24,873 DEBUG train Loss: 0.3712 Acc: 0.9408
2018-12-31 22:01:24,873 DEBUG   Correct: [(1, 37215), (0, 28901)]
2018-12-31 22:01:24,881 DEBUG   Wrong: [(0, 2098), (1, 2064)]
2018-12-31 22:01:32,198 DEBUG val Loss: 0.5706 Acc: 0.7375
2018-12-31 22:01:32,198 DEBUG   Correct: [(1, 15164), (0, 10365)]
2018-12-31 22:01:32,198 DEBUG   Wrong: [(0, 4903), (1, 4183)]
2018-12-31 22:01:32,198 DEBUG Epoch 88/200
2018-12-31 22:01:32,198 DEBUG ----------
2018-12-31 22:02:30,578 DEBUG train Loss: 0.3711 Acc: 0.9404
2018-12-31 22:02:30,578 DEBUG   Correct: [(1, 37189), (0, 28900)]
2018-12-31 22:02:30,578 DEBUG   Wrong: [(0, 2099), (1, 2090)]
2018-12-31 22:02:37,968 DEBUG val Loss: 0.5697 Acc: 0.7380
2018-12-31 22:02:37,969 DEBUG   Correct: [(1, 15045), (0, 10502)]
2018-12-31 22:02:37,969 DEBUG   Wrong: [(0, 4766), (1, 4302)]
2018-12-31 22:02:37,969 DEBUG Epoch 89/200
2018-12-31 22:02:37,969 DEBUG ----------
2018-12-31 22:03:38,172 DEBUG train Loss: 0.3713 Acc: 0.9404
2018-12-31 22:03:38,180 DEBUG   Correct: [(1, 37225), (0, 28861)]
2018-12-31 22:03:38,180 DEBUG   Wrong: [(0, 2138), (1, 2054)]
2018-12-31 22:03:44,933 DEBUG val Loss: 0.5691 Acc: 0.7398
2018-12-31 22:03:44,933 DEBUG   Correct: [(1, 15239), (0, 10368)]
2018-12-31 22:03:44,934 DEBUG   Wrong: [(0, 4900), (1, 4108)]
2018-12-31 22:03:44,945 DEBUG Epoch 90/200
2018-12-31 22:03:44,945 DEBUG ----------
2018-12-31 22:04:44,381 DEBUG train Loss: 0.3711 Acc: 0.9410
2018-12-31 22:04:44,382 DEBUG   Correct: [(1, 37260), (0, 28875)]
2018-12-31 22:04:44,382 DEBUG   Wrong: [(0, 2124), (1, 2019)]
2018-12-31 22:04:51,038 DEBUG val Loss: 0.5733 Acc: 0.7342
2018-12-31 22:04:51,039 DEBUG   Correct: [(1, 14674), (0, 10739)]
2018-12-31 22:04:51,039 DEBUG   Wrong: [(1, 4673), (0, 4529)]
2018-12-31 22:04:51,039 DEBUG Epoch 91/200
2018-12-31 22:04:51,040 DEBUG ----------
2018-12-31 22:05:51,222 DEBUG train Loss: 0.3695 Acc: 0.9425
2018-12-31 22:05:51,222 DEBUG   Correct: [(1, 37367), (0, 28869)]
2018-12-31 22:05:51,222 DEBUG   Wrong: [(0, 2130), (1, 1912)]
2018-12-31 22:05:57,544 DEBUG val Loss: 0.5720 Acc: 0.7359
2018-12-31 22:05:57,544 DEBUG   Correct: [(1, 15105), (0, 10368)]
2018-12-31 22:05:57,544 DEBUG   Wrong: [(0, 4900), (1, 4242)]
2018-12-31 22:05:57,544 DEBUG Epoch 92/200
2018-12-31 22:05:57,544 DEBUG ----------
2018-12-31 22:06:56,882 DEBUG train Loss: 0.3696 Acc: 0.9427
2018-12-31 22:06:56,883 DEBUG   Correct: [(1, 37333), (0, 28916)]
2018-12-31 22:06:56,883 DEBUG   Wrong: [(0, 2083), (1, 1946)]
2018-12-31 22:07:03,024 DEBUG val Loss: 0.5695 Acc: 0.7385
2018-12-31 22:07:03,024 DEBUG   Correct: [(1, 15313), (0, 10251)]
2018-12-31 22:07:03,024 DEBUG   Wrong: [(0, 5017), (1, 4034)]
2018-12-31 22:07:03,024 DEBUG Epoch 93/200
2018-12-31 22:07:03,024 DEBUG ----------
2018-12-31 22:08:02,259 DEBUG train Loss: 0.3704 Acc: 0.9419
2018-12-31 22:08:02,259 DEBUG   Correct: [(1, 37355), (0, 28839)]
2018-12-31 22:08:02,259 DEBUG   Wrong: [(0, 2160), (1, 1924)]
2018-12-31 22:08:09,136 DEBUG val Loss: 0.5722 Acc: 0.7349
2018-12-31 22:08:09,136 DEBUG   Correct: [(1, 14930), (0, 10508)]
2018-12-31 22:08:09,136 DEBUG   Wrong: [(0, 4760), (1, 4417)]
2018-12-31 22:08:09,136 DEBUG Epoch 94/200
2018-12-31 22:08:09,137 DEBUG ----------
2018-12-31 22:09:07,596 DEBUG train Loss: 0.3695 Acc: 0.9429
2018-12-31 22:09:07,597 DEBUG   Correct: [(1, 37334), (0, 28934)]
2018-12-31 22:09:07,597 DEBUG   Wrong: [(0, 2065), (1, 1945)]
2018-12-31 22:09:14,572 DEBUG val Loss: 0.5688 Acc: 0.7391
2018-12-31 22:09:14,572 DEBUG   Correct: [(1, 15160), (0, 10423)]
2018-12-31 22:09:14,572 DEBUG   Wrong: [(0, 4845), (1, 4187)]
2018-12-31 22:09:14,572 DEBUG Epoch 95/200
2018-12-31 22:09:14,572 DEBUG ----------
2018-12-31 22:10:13,241 DEBUG train Loss: 0.3682 Acc: 0.9442
2018-12-31 22:10:13,254 DEBUG   Correct: [(1, 37366), (0, 28987)]
2018-12-31 22:10:13,254 DEBUG   Wrong: [(0, 2012), (1, 1913)]
2018-12-31 22:10:19,716 DEBUG val Loss: 0.5694 Acc: 0.7386
2018-12-31 22:10:19,717 DEBUG   Correct: [(1, 14910), (0, 10658)]
2018-12-31 22:10:19,717 DEBUG   Wrong: [(0, 4610), (1, 4437)]
2018-12-31 22:10:19,717 DEBUG Epoch 96/200
2018-12-31 22:10:19,717 DEBUG ----------
2018-12-31 22:11:25,344 DEBUG train Loss: 0.3685 Acc: 0.9436
2018-12-31 22:11:25,345 DEBUG   Correct: [(1, 37334), (0, 28979)]
2018-12-31 22:11:25,345 DEBUG   Wrong: [(0, 2020), (1, 1945)]
2018-12-31 22:11:35,278 DEBUG val Loss: 0.5698 Acc: 0.7386
2018-12-31 22:11:35,282 DEBUG   Correct: [(1, 15049), (0, 10518)]
2018-12-31 22:11:35,282 DEBUG   Wrong: [(0, 4750), (1, 4298)]
2018-12-31 22:11:35,282 DEBUG Epoch 97/200
2018-12-31 22:11:35,282 DEBUG ----------
2018-12-31 22:12:34,069 DEBUG train Loss: 0.3678 Acc: 0.9444
2018-12-31 22:12:34,069 DEBUG   Correct: [(1, 37389), (0, 28984)]
2018-12-31 22:12:34,069 DEBUG   Wrong: [(0, 2015), (1, 1890)]
2018-12-31 22:12:41,518 DEBUG val Loss: 0.5751 Acc: 0.7327
2018-12-31 22:12:41,518 DEBUG   Correct: [(1, 14623), (0, 10738)]
2018-12-31 22:12:41,519 DEBUG   Wrong: [(1, 4724), (0, 4530)]
2018-12-31 22:12:41,519 DEBUG Epoch 98/200
2018-12-31 22:12:41,519 DEBUG ----------
2018-12-31 22:13:34,419 DEBUG train Loss: 0.3674 Acc: 0.9448
2018-12-31 22:13:34,419 DEBUG   Correct: [(1, 37402), (0, 29000)]
2018-12-31 22:13:34,419 DEBUG   Wrong: [(0, 1999), (1, 1877)]
2018-12-31 22:13:37,762 DEBUG val Loss: 0.5693 Acc: 0.7390
2018-12-31 22:13:37,762 DEBUG   Correct: [(1, 14924), (0, 10658)]
2018-12-31 22:13:37,762 DEBUG   Wrong: [(0, 4610), (1, 4423)]
2018-12-31 22:13:37,763 DEBUG Epoch 99/200
2018-12-31 22:13:37,763 DEBUG ----------
2018-12-31 22:14:15,678 DEBUG train Loss: 0.3676 Acc: 0.9448
2018-12-31 22:14:15,678 DEBUG   Correct: [(1, 37420), (0, 28976)]
2018-12-31 22:14:15,678 DEBUG   Wrong: [(0, 2023), (1, 1859)]
2018-12-31 22:14:24,047 DEBUG val Loss: 0.5676 Acc: 0.7407
2018-12-31 22:14:24,048 DEBUG   Correct: [(1, 15161), (0, 10479)]
2018-12-31 22:14:24,048 DEBUG   Wrong: [(0, 4789), (1, 4186)]
2018-12-31 22:14:24,048 DEBUG Epoch 100/200
2018-12-31 22:14:24,048 DEBUG ----------
2018-12-31 22:15:25,006 DEBUG train Loss: 0.3673 Acc: 0.9450
2018-12-31 22:15:25,006 DEBUG   Correct: [(1, 37389), (0, 29024)]
2018-12-31 22:15:25,006 DEBUG   Wrong: [(0, 1975), (1, 1890)]
2018-12-31 22:15:31,964 DEBUG val Loss: 0.5704 Acc: 0.7379
2018-12-31 22:15:31,964 DEBUG   Correct: [(1, 14931), (0, 10611)]
2018-12-31 22:15:31,964 DEBUG   Wrong: [(0, 4657), (1, 4416)]
2018-12-31 22:15:31,964 DEBUG Epoch 101/200
2018-12-31 22:15:31,964 DEBUG ----------
2018-12-31 22:16:32,447 DEBUG train Loss: 0.3674 Acc: 0.9446
2018-12-31 22:16:32,453 DEBUG   Correct: [(1, 37347), (0, 29037)]
2018-12-31 22:16:32,453 DEBUG   Wrong: [(0, 1962), (1, 1932)]
2018-12-31 22:16:39,318 DEBUG val Loss: 0.5700 Acc: 0.7384
2018-12-31 22:16:39,318 DEBUG   Correct: [(1, 14995), (0, 10566)]
2018-12-31 22:16:39,318 DEBUG   Wrong: [(0, 4702), (1, 4352)]
2018-12-31 22:16:39,318 DEBUG Epoch 102/200
2018-12-31 22:16:39,318 DEBUG ----------
2018-12-31 22:17:35,920 DEBUG train Loss: 0.3671 Acc: 0.9452
2018-12-31 22:17:35,921 DEBUG   Correct: [(1, 37420), (0, 29007)]
2018-12-31 22:17:35,921 DEBUG   Wrong: [(0, 1992), (1, 1859)]
2018-12-31 22:17:42,473 DEBUG val Loss: 0.5687 Acc: 0.7388
2018-12-31 22:17:42,473 DEBUG   Correct: [(1, 15379), (0, 10194)]
2018-12-31 22:17:42,474 DEBUG   Wrong: [(0, 5074), (1, 3968)]
2018-12-31 22:17:42,474 DEBUG Epoch 103/200
2018-12-31 22:17:42,474 DEBUG ----------
2018-12-31 22:18:41,197 DEBUG train Loss: 0.3648 Acc: 0.9474
2018-12-31 22:18:41,197 DEBUG   Correct: [(1, 37479), (0, 29102)]
2018-12-31 22:18:41,197 DEBUG   Wrong: [(0, 1897), (1, 1800)]
2018-12-31 22:18:48,178 DEBUG val Loss: 0.5695 Acc: 0.7385
2018-12-31 22:18:48,178 DEBUG   Correct: [(1, 14960), (0, 10602)]
2018-12-31 22:18:48,178 DEBUG   Wrong: [(0, 4666), (1, 4387)]
2018-12-31 22:18:48,179 DEBUG Epoch 104/200
2018-12-31 22:18:48,179 DEBUG ----------
2018-12-31 22:19:43,558 DEBUG train Loss: 0.3640 Acc: 0.9482
2018-12-31 22:19:43,578 DEBUG   Correct: [(1, 37483), (0, 29155)]
2018-12-31 22:19:43,578 DEBUG   Wrong: [(0, 1844), (1, 1796)]
2018-12-31 22:19:49,712 DEBUG val Loss: 0.5705 Acc: 0.7382
2018-12-31 22:19:49,712 DEBUG   Correct: [(1, 14884), (0, 10668)]
2018-12-31 22:19:49,712 DEBUG   Wrong: [(0, 4600), (1, 4463)]
2018-12-31 22:19:49,712 DEBUG Epoch 105/200
2018-12-31 22:19:49,712 DEBUG ----------
2018-12-31 22:20:45,816 DEBUG train Loss: 0.3632 Acc: 0.9490
2018-12-31 22:20:45,817 DEBUG   Correct: [(1, 37501), (0, 29193)]
2018-12-31 22:20:45,817 DEBUG   Wrong: [(0, 1806), (1, 1778)]
2018-12-31 22:20:52,349 DEBUG val Loss: 0.5683 Acc: 0.7403
2018-12-31 22:20:52,349 DEBUG   Correct: [(1, 15270), (0, 10354)]
2018-12-31 22:20:52,349 DEBUG   Wrong: [(0, 4914), (1, 4077)]
2018-12-31 22:20:52,349 DEBUG Epoch 106/200
2018-12-31 22:20:52,349 DEBUG ----------
2018-12-31 22:21:47,815 DEBUG train Loss: 0.3641 Acc: 0.9482
2018-12-31 22:21:47,815 DEBUG   Correct: [(1, 37481), (0, 29155)]
2018-12-31 22:21:47,815 DEBUG   Wrong: [(0, 1844), (1, 1798)]
2018-12-31 22:21:54,298 DEBUG val Loss: 0.5692 Acc: 0.7394
2018-12-31 22:21:54,298 DEBUG   Correct: [(1, 15042), (0, 10554)]
2018-12-31 22:21:54,298 DEBUG   Wrong: [(0, 4714), (1, 4305)]
2018-12-31 22:21:54,298 DEBUG Epoch 107/200
2018-12-31 22:21:54,298 DEBUG ----------
2018-12-31 22:22:50,766 DEBUG train Loss: 0.3664 Acc: 0.9458
2018-12-31 22:22:50,766 DEBUG   Correct: [(1, 37433), (0, 29033)]
2018-12-31 22:22:50,766 DEBUG   Wrong: [(0, 1966), (1, 1846)]
2018-12-31 22:22:57,040 DEBUG val Loss: 0.5716 Acc: 0.7370
2018-12-31 22:22:57,040 DEBUG   Correct: [(1, 15171), (0, 10341)]
2018-12-31 22:22:57,040 DEBUG   Wrong: [(0, 4927), (1, 4176)]
2018-12-31 22:22:57,040 DEBUG Epoch 108/200
2018-12-31 22:22:57,040 DEBUG ----------
2018-12-31 22:23:52,498 DEBUG train Loss: 0.3660 Acc: 0.9463
2018-12-31 22:23:52,499 DEBUG   Correct: [(1, 37350), (0, 29151)]
2018-12-31 22:23:52,499 DEBUG   Wrong: [(1, 1929), (0, 1848)]
2018-12-31 22:23:58,877 DEBUG val Loss: 0.5708 Acc: 0.7372
2018-12-31 22:23:58,877 DEBUG   Correct: [(1, 15125), (0, 10394)]
2018-12-31 22:23:58,877 DEBUG   Wrong: [(0, 4874), (1, 4222)]
2018-12-31 22:23:58,877 DEBUG Epoch 109/200
2018-12-31 22:23:58,877 DEBUG ----------
2018-12-31 22:24:52,844 DEBUG train Loss: 0.3648 Acc: 0.9473
2018-12-31 22:24:52,845 DEBUG   Correct: [(1, 37427), (0, 29147)]
2018-12-31 22:24:52,845 DEBUG   Wrong: [(0, 1852), (1, 1852)]
2018-12-31 22:24:59,234 DEBUG val Loss: 0.5717 Acc: 0.7364
2018-12-31 22:24:59,234 DEBUG   Correct: [(1, 15122), (0, 10368)]
2018-12-31 22:24:59,234 DEBUG   Wrong: [(0, 4900), (1, 4225)]
2018-12-31 22:24:59,234 DEBUG Epoch 110/200
2018-12-31 22:24:59,234 DEBUG ----------
2018-12-31 22:25:53,782 DEBUG train Loss: 0.3641 Acc: 0.9478
2018-12-31 22:25:53,782 DEBUG   Correct: [(1, 37387), (0, 29224)]
2018-12-31 22:25:53,782 DEBUG   Wrong: [(1, 1892), (0, 1775)]
2018-12-31 22:26:00,068 DEBUG val Loss: 0.5701 Acc: 0.7382
2018-12-31 22:26:00,069 DEBUG   Correct: [(1, 14927), (0, 10626)]
2018-12-31 22:26:00,069 DEBUG   Wrong: [(0, 4642), (1, 4420)]
2018-12-31 22:26:00,069 DEBUG Epoch 111/200
2018-12-31 22:26:00,069 DEBUG ----------
2018-12-31 22:26:54,084 DEBUG train Loss: 0.3651 Acc: 0.9471
2018-12-31 22:26:54,085 DEBUG   Correct: [(1, 37442), (0, 29117)]
2018-12-31 22:26:54,087 DEBUG   Wrong: [(0, 1882), (1, 1837)]
2018-12-31 22:27:01,313 DEBUG val Loss: 0.5716 Acc: 0.7370
2018-12-31 22:27:01,313 DEBUG   Correct: [(1, 14687), (0, 10824)]
2018-12-31 22:27:01,313 DEBUG   Wrong: [(1, 4660), (0, 4444)]
2018-12-31 22:27:01,313 DEBUG Epoch 112/200
2018-12-31 22:27:01,313 DEBUG ----------
2018-12-31 22:27:56,499 DEBUG train Loss: 0.3645 Acc: 0.9477
2018-12-31 22:27:56,499 DEBUG   Correct: [(1, 37437), (0, 29168)]
2018-12-31 22:27:56,499 DEBUG   Wrong: [(1, 1842), (0, 1831)]
2018-12-31 22:28:03,237 DEBUG val Loss: 0.5690 Acc: 0.7390
2018-12-31 22:28:03,237 DEBUG   Correct: [(1, 15148), (0, 10434)]
2018-12-31 22:28:03,237 DEBUG   Wrong: [(0, 4834), (1, 4199)]
2018-12-31 22:28:03,238 DEBUG Epoch 113/200
2018-12-31 22:28:03,238 DEBUG ----------
2018-12-31 22:28:58,620 DEBUG train Loss: 0.3649 Acc: 0.9475
2018-12-31 22:28:58,622 DEBUG   Correct: [(1, 37490), (0, 29095)]
2018-12-31 22:28:58,622 DEBUG   Wrong: [(0, 1904), (1, 1789)]
2018-12-31 22:29:04,521 DEBUG val Loss: 0.5716 Acc: 0.7372
2018-12-31 22:29:04,521 DEBUG   Correct: [(1, 14852), (0, 10666)]
2018-12-31 22:29:04,521 DEBUG   Wrong: [(0, 4602), (1, 4495)]
2018-12-31 22:29:04,521 DEBUG Epoch 114/200
2018-12-31 22:29:04,521 DEBUG ----------
2018-12-31 22:29:59,916 DEBUG train Loss: 0.3652 Acc: 0.9470
2018-12-31 22:29:59,916 DEBUG   Correct: [(1, 37441), (0, 29114)]
2018-12-31 22:29:59,916 DEBUG   Wrong: [(0, 1885), (1, 1838)]
2018-12-31 22:30:06,553 DEBUG val Loss: 0.5685 Acc: 0.7395
2018-12-31 22:30:06,553 DEBUG   Correct: [(1, 15184), (0, 10415)]
2018-12-31 22:30:06,553 DEBUG   Wrong: [(0, 4853), (1, 4163)]
2018-12-31 22:30:06,553 DEBUG Epoch 115/200
2018-12-31 22:30:06,553 DEBUG ----------
2018-12-31 22:31:00,445 DEBUG train Loss: 0.3650 Acc: 0.9475
2018-12-31 22:31:00,451 DEBUG   Correct: [(1, 37429), (0, 29159)]
2018-12-31 22:31:00,451 DEBUG   Wrong: [(1, 1850), (0, 1840)]
2018-12-31 22:31:07,064 DEBUG val Loss: 0.5698 Acc: 0.7389
2018-12-31 22:31:07,064 DEBUG   Correct: [(1, 14882), (0, 10694)]
2018-12-31 22:31:07,064 DEBUG   Wrong: [(0, 4574), (1, 4465)]
2018-12-31 22:31:07,064 DEBUG Epoch 116/200
2018-12-31 22:31:07,064 DEBUG ----------
2018-12-31 22:32:02,639 DEBUG train Loss: 0.3650 Acc: 0.9472
2018-12-31 22:32:02,639 DEBUG   Correct: [(1, 37423), (0, 29146)]
2018-12-31 22:32:02,640 DEBUG   Wrong: [(1, 1856), (0, 1853)]
2018-12-31 22:32:09,113 DEBUG val Loss: 0.5704 Acc: 0.7380
2018-12-31 22:32:09,113 DEBUG   Correct: [(1, 15062), (0, 10483)]
2018-12-31 22:32:09,113 DEBUG   Wrong: [(0, 4785), (1, 4285)]
2018-12-31 22:32:09,113 DEBUG Epoch 117/200
2018-12-31 22:32:09,113 DEBUG ----------
2018-12-31 22:33:03,859 DEBUG train Loss: 0.3641 Acc: 0.9480
2018-12-31 22:33:03,859 DEBUG   Correct: [(1, 37471), (0, 29150)]
2018-12-31 22:33:03,859 DEBUG   Wrong: [(0, 1849), (1, 1808)]
2018-12-31 22:33:10,641 DEBUG val Loss: 0.5700 Acc: 0.7385
2018-12-31 22:33:10,652 DEBUG   Correct: [(1, 15176), (0, 10387)]
2018-12-31 22:33:10,652 DEBUG   Wrong: [(0, 4881), (1, 4171)]
2018-12-31 22:33:10,652 DEBUG Epoch 118/200
2018-12-31 22:33:10,652 DEBUG ----------
2018-12-31 22:34:06,554 DEBUG train Loss: 0.3641 Acc: 0.9484
2018-12-31 22:34:06,554 DEBUG   Correct: [(1, 37550), (0, 29101)]
2018-12-31 22:34:06,554 DEBUG   Wrong: [(0, 1898), (1, 1729)]
2018-12-31 22:34:12,729 DEBUG val Loss: 0.5694 Acc: 0.7394
2018-12-31 22:34:12,729 DEBUG   Correct: [(1, 15261), (0, 10335)]
2018-12-31 22:34:12,729 DEBUG   Wrong: [(0, 4933), (1, 4086)]
2018-12-31 22:34:12,729 DEBUG Epoch 119/200
2018-12-31 22:34:12,729 DEBUG ----------
2018-12-31 22:35:08,191 DEBUG train Loss: 0.3640 Acc: 0.9483
2018-12-31 22:35:08,191 DEBUG   Correct: [(1, 37480), (0, 29165)]
2018-12-31 22:35:08,191 DEBUG   Wrong: [(0, 1834), (1, 1799)]
2018-12-31 22:35:14,955 DEBUG val Loss: 0.5680 Acc: 0.7399
2018-12-31 22:35:14,955 DEBUG   Correct: [(1, 15384), (0, 10229)]
2018-12-31 22:35:14,955 DEBUG   Wrong: [(0, 5039), (1, 3963)]
2018-12-31 22:35:14,955 DEBUG Epoch 120/200
2018-12-31 22:35:14,955 DEBUG ----------
2018-12-31 22:36:09,086 DEBUG train Loss: 0.3629 Acc: 0.9496
2018-12-31 22:36:09,086 DEBUG   Correct: [(1, 37521), (0, 29216)]
2018-12-31 22:36:09,086 DEBUG   Wrong: [(0, 1783), (1, 1758)]
2018-12-31 22:36:16,027 DEBUG val Loss: 0.5696 Acc: 0.7392
2018-12-31 22:36:16,030 DEBUG   Correct: [(1, 15354), (0, 10233)]
2018-12-31 22:36:16,034 DEBUG   Wrong: [(0, 5035), (1, 3993)]
2018-12-31 22:36:16,034 DEBUG Epoch 121/200
2018-12-31 22:36:16,034 DEBUG ----------
2018-12-31 22:37:12,957 DEBUG train Loss: 0.3637 Acc: 0.9487
2018-12-31 22:37:12,960 DEBUG   Correct: [(1, 37522), (0, 29149)]
2018-12-31 22:37:12,961 DEBUG   Wrong: [(0, 1850), (1, 1757)]
2018-12-31 22:37:20,916 DEBUG val Loss: 0.5699 Acc: 0.7385
2018-12-31 22:37:20,916 DEBUG   Correct: [(1, 15225), (0, 10337)]
2018-12-31 22:37:20,916 DEBUG   Wrong: [(0, 4931), (1, 4122)]
2018-12-31 22:37:20,916 DEBUG Epoch 122/200
2018-12-31 22:37:20,916 DEBUG ----------
2018-12-31 22:38:19,585 DEBUG train Loss: 0.3631 Acc: 0.9492
2018-12-31 22:38:19,589 DEBUG   Correct: [(1, 37479), (0, 29230)]
2018-12-31 22:38:19,589 DEBUG   Wrong: [(1, 1800), (0, 1769)]
2018-12-31 22:38:26,985 DEBUG val Loss: 0.5712 Acc: 0.7371
2018-12-31 22:38:26,986 DEBUG   Correct: [(1, 15042), (0, 10473)]
2018-12-31 22:38:26,986 DEBUG   Wrong: [(0, 4795), (1, 4305)]
2018-12-31 22:38:26,986 DEBUG Epoch 123/200
2018-12-31 22:38:26,986 DEBUG ----------
2018-12-31 22:39:28,938 DEBUG train Loss: 0.3631 Acc: 0.9493
2018-12-31 22:39:28,939 DEBUG   Correct: [(1, 37505), (0, 29212)]
2018-12-31 22:39:28,939 DEBUG   Wrong: [(0, 1787), (1, 1774)]
2018-12-31 22:39:35,810 DEBUG val Loss: 0.5719 Acc: 0.7366
2018-12-31 22:39:35,810 DEBUG   Correct: [(1, 15122), (0, 10374)]
2018-12-31 22:39:35,810 DEBUG   Wrong: [(0, 4894), (1, 4225)]
2018-12-31 22:39:35,810 DEBUG Epoch 124/200
2018-12-31 22:39:35,810 DEBUG ----------
2018-12-31 22:40:37,055 DEBUG train Loss: 0.3630 Acc: 0.9489
2018-12-31 22:40:37,055 DEBUG   Correct: [(1, 37475), (0, 29213)]
2018-12-31 22:40:37,055 DEBUG   Wrong: [(1, 1804), (0, 1786)]
2018-12-31 22:40:43,978 DEBUG val Loss: 0.5692 Acc: 0.7392
2018-12-31 22:40:43,986 DEBUG   Correct: [(1, 15104), (0, 10483)]
2018-12-31 22:40:43,987 DEBUG   Wrong: [(0, 4785), (1, 4243)]
2018-12-31 22:40:43,987 DEBUG Epoch 125/200
2018-12-31 22:40:43,987 DEBUG ----------
2018-12-31 22:41:44,984 DEBUG train Loss: 0.3622 Acc: 0.9501
2018-12-31 22:41:44,984 DEBUG   Correct: [(1, 37578), (0, 29195)]
2018-12-31 22:41:44,985 DEBUG   Wrong: [(0, 1804), (1, 1701)]
2018-12-31 22:41:51,583 DEBUG val Loss: 0.5697 Acc: 0.7390
2018-12-31 22:41:51,592 DEBUG   Correct: [(1, 15448), (0, 10132)]
2018-12-31 22:41:51,592 DEBUG   Wrong: [(0, 5136), (1, 3899)]
2018-12-31 22:41:51,592 DEBUG Epoch 126/200
2018-12-31 22:41:51,592 DEBUG ----------
2018-12-31 22:42:31,178 DEBUG train Loss: 0.3605 Acc: 0.9520
2018-12-31 22:42:31,178 DEBUG   Correct: [(1, 37600), (0, 29308)]
2018-12-31 22:42:31,178 DEBUG   Wrong: [(0, 1691), (1, 1679)]
2018-12-31 22:42:38,600 DEBUG val Loss: 0.5688 Acc: 0.7396
2018-12-31 22:42:38,600 DEBUG   Correct: [(1, 15298), (0, 10302)]
2018-12-31 22:42:38,600 DEBUG   Wrong: [(0, 4966), (1, 4049)]
2018-12-31 22:42:38,600 DEBUG Epoch 127/200
2018-12-31 22:42:38,600 DEBUG ----------
2018-12-31 22:43:27,911 DEBUG train Loss: 0.3616 Acc: 0.9507
2018-12-31 22:43:27,912 DEBUG   Correct: [(1, 37514), (0, 29298)]
2018-12-31 22:43:27,912 DEBUG   Wrong: [(1, 1765), (0, 1701)]
2018-12-31 22:43:35,848 DEBUG val Loss: 0.5709 Acc: 0.7378
2018-12-31 22:43:35,848 DEBUG   Correct: [(1, 15048), (0, 10490)]
2018-12-31 22:43:35,848 DEBUG   Wrong: [(0, 4778), (1, 4299)]
2018-12-31 22:43:35,848 DEBUG Epoch 128/200
2018-12-31 22:43:35,848 DEBUG ----------
2018-12-31 22:44:36,956 DEBUG train Loss: 0.3608 Acc: 0.9517
2018-12-31 22:44:36,956 DEBUG   Correct: [(1, 37598), (0, 29289)]
2018-12-31 22:44:36,956 DEBUG   Wrong: [(0, 1710), (1, 1681)]
2018-12-31 22:44:45,591 DEBUG val Loss: 0.5711 Acc: 0.7373
2018-12-31 22:44:45,591 DEBUG   Correct: [(1, 15025), (0, 10496)]
2018-12-31 22:44:45,591 DEBUG   Wrong: [(0, 4772), (1, 4322)]
2018-12-31 22:44:45,591 DEBUG Epoch 129/200
2018-12-31 22:44:45,591 DEBUG ----------
2018-12-31 22:45:46,823 DEBUG train Loss: 0.3609 Acc: 0.9515
2018-12-31 22:45:46,823 DEBUG   Correct: [(1, 37562), (0, 29305)]
2018-12-31 22:45:46,823 DEBUG   Wrong: [(1, 1717), (0, 1694)]
2018-12-31 22:45:53,157 DEBUG val Loss: 0.5701 Acc: 0.7388
2018-12-31 22:45:53,157 DEBUG   Correct: [(1, 15260), (0, 10315)]
2018-12-31 22:45:53,157 DEBUG   Wrong: [(0, 4953), (1, 4087)]
2018-12-31 22:45:53,157 DEBUG Epoch 130/200
2018-12-31 22:45:53,157 DEBUG ----------
2018-12-31 22:46:51,812 DEBUG train Loss: 0.3617 Acc: 0.9509
2018-12-31 22:46:51,812 DEBUG   Correct: [(1, 37607), (0, 29223)]
2018-12-31 22:46:51,812 DEBUG   Wrong: [(0, 1776), (1, 1672)]
2018-12-31 22:46:59,355 DEBUG val Loss: 0.5678 Acc: 0.7412
2018-12-31 22:46:59,355 DEBUG   Correct: [(1, 15305), (0, 10353)]
2018-12-31 22:46:59,355 DEBUG   Wrong: [(0, 4915), (1, 4042)]
2018-12-31 22:46:59,355 DEBUG Epoch 131/200
2018-12-31 22:46:59,355 DEBUG ----------
2018-12-31 22:48:08,363 DEBUG train Loss: 0.3619 Acc: 0.9503
2018-12-31 22:48:08,366 DEBUG   Correct: [(1, 37546), (0, 29241)]
2018-12-31 22:48:08,366 DEBUG   Wrong: [(0, 1758), (1, 1733)]
2018-12-31 22:48:15,740 DEBUG val Loss: 0.5714 Acc: 0.7375
2018-12-31 22:48:15,740 DEBUG   Correct: [(1, 14808), (0, 10721)]
2018-12-31 22:48:15,740 DEBUG   Wrong: [(0, 4547), (1, 4539)]
2018-12-31 22:48:15,740 DEBUG Epoch 132/200
2018-12-31 22:48:15,740 DEBUG ----------
2018-12-31 22:49:26,351 DEBUG train Loss: 0.3612 Acc: 0.9513
2018-12-31 22:49:26,351 DEBUG   Correct: [(1, 37578), (0, 29279)]
2018-12-31 22:49:26,351 DEBUG   Wrong: [(0, 1720), (1, 1701)]
2018-12-31 22:49:35,300 DEBUG val Loss: 0.5700 Acc: 0.7388
2018-12-31 22:49:35,300 DEBUG   Correct: [(1, 15078), (0, 10494)]
2018-12-31 22:49:35,301 DEBUG   Wrong: [(0, 4774), (1, 4269)]
2018-12-31 22:49:35,301 DEBUG Epoch 133/200
2018-12-31 22:49:35,301 DEBUG ----------
2018-12-31 22:50:52,587 DEBUG train Loss: 0.3614 Acc: 0.9510
2018-12-31 22:50:52,587 DEBUG   Correct: [(1, 37589), (0, 29247)]
2018-12-31 22:50:52,587 DEBUG   Wrong: [(0, 1752), (1, 1690)]
2018-12-31 22:50:59,676 DEBUG val Loss: 0.5713 Acc: 0.7370
2018-12-31 22:50:59,677 DEBUG   Correct: [(1, 15001), (0, 10511)]
2018-12-31 22:50:59,677 DEBUG   Wrong: [(0, 4757), (1, 4346)]
2018-12-31 22:50:59,677 DEBUG Epoch 134/200
2018-12-31 22:50:59,677 DEBUG ----------
2018-12-31 22:52:04,837 DEBUG train Loss: 0.3608 Acc: 0.9519
2018-12-31 22:52:04,838 DEBUG   Correct: [(1, 37637), (0, 29262)]
2018-12-31 22:52:04,838 DEBUG   Wrong: [(0, 1737), (1, 1642)]
2018-12-31 22:52:11,724 DEBUG val Loss: 0.5691 Acc: 0.7398
2018-12-31 22:52:11,724 DEBUG   Correct: [(1, 15215), (0, 10393)]
2018-12-31 22:52:11,724 DEBUG   Wrong: [(0, 4875), (1, 4132)]
2018-12-31 22:52:11,724 DEBUG Epoch 135/200
2018-12-31 22:52:11,725 DEBUG ----------
2018-12-31 22:53:19,883 DEBUG train Loss: 0.3599 Acc: 0.9525
2018-12-31 22:53:19,883 DEBUG   Correct: [(1, 37630), (0, 29311)]
2018-12-31 22:53:19,883 DEBUG   Wrong: [(0, 1688), (1, 1649)]
2018-12-31 22:53:27,081 DEBUG val Loss: 0.5676 Acc: 0.7417
2018-12-31 22:53:27,081 DEBUG   Correct: [(1, 15200), (0, 10473)]
2018-12-31 22:53:27,081 DEBUG   Wrong: [(0, 4795), (1, 4147)]
2018-12-31 22:53:27,082 DEBUG Epoch 136/200
2018-12-31 22:53:27,082 DEBUG ----------
2018-12-31 22:54:29,394 DEBUG train Loss: 0.3604 Acc: 0.9519
2018-12-31 22:54:29,394 DEBUG   Correct: [(1, 37655), (0, 29242)]
2018-12-31 22:54:29,394 DEBUG   Wrong: [(0, 1757), (1, 1624)]
2018-12-31 22:54:35,760 DEBUG val Loss: 0.5692 Acc: 0.7399
2018-12-31 22:54:35,760 DEBUG   Correct: [(1, 14999), (0, 10612)]
2018-12-31 22:54:35,760 DEBUG   Wrong: [(0, 4656), (1, 4348)]
2018-12-31 22:54:35,760 DEBUG Epoch 137/200
2018-12-31 22:54:35,760 DEBUG ----------
2018-12-31 22:55:35,267 DEBUG train Loss: 0.3591 Acc: 0.9533
2018-12-31 22:55:35,267 DEBUG   Correct: [(1, 37711), (0, 29288)]
2018-12-31 22:55:35,267 DEBUG   Wrong: [(0, 1711), (1, 1568)]
2018-12-31 22:55:43,976 DEBUG val Loss: 0.5729 Acc: 0.7353
2018-12-31 22:55:43,976 DEBUG   Correct: [(1, 14548), (0, 10904)]
2018-12-31 22:55:43,976 DEBUG   Wrong: [(1, 4799), (0, 4364)]
2018-12-31 22:55:43,976 DEBUG Epoch 138/200
2018-12-31 22:55:43,976 DEBUG ----------
2018-12-31 22:56:42,552 DEBUG train Loss: 0.3596 Acc: 0.9528
2018-12-31 22:56:42,552 DEBUG   Correct: [(1, 37581), (0, 29378)]
2018-12-31 22:56:42,552 DEBUG   Wrong: [(1, 1698), (0, 1621)]
2018-12-31 22:56:49,125 DEBUG val Loss: 0.5696 Acc: 0.7390
2018-12-31 22:56:49,125 DEBUG   Correct: [(1, 15071), (0, 10510)]
2018-12-31 22:56:49,125 DEBUG   Wrong: [(0, 4758), (1, 4276)]
2018-12-31 22:56:49,125 DEBUG Epoch 139/200
2018-12-31 22:56:49,125 DEBUG ----------
2018-12-31 22:57:48,032 DEBUG train Loss: 0.3582 Acc: 0.9545
2018-12-31 22:57:48,034 DEBUG   Correct: [(1, 37694), (0, 29388)]
2018-12-31 22:57:48,034 DEBUG   Wrong: [(0, 1611), (1, 1585)]
2018-12-31 22:57:55,113 DEBUG val Loss: 0.5698 Acc: 0.7392
2018-12-31 22:57:55,113 DEBUG   Correct: [(1, 15490), (0, 10098)]
2018-12-31 22:57:55,114 DEBUG   Wrong: [(0, 5170), (1, 3857)]
2018-12-31 22:57:55,114 DEBUG Epoch 140/200
2018-12-31 22:57:55,114 DEBUG ----------
2018-12-31 22:58:56,948 DEBUG train Loss: 0.3583 Acc: 0.9542
2018-12-31 22:58:56,948 DEBUG   Correct: [(1, 37679), (0, 29382)]
2018-12-31 22:58:56,948 DEBUG   Wrong: [(0, 1617), (1, 1600)]
2018-12-31 22:59:03,497 DEBUG val Loss: 0.5732 Acc: 0.7353
2018-12-31 22:59:03,497 DEBUG   Correct: [(1, 14823), (0, 10629)]
2018-12-31 22:59:03,497 DEBUG   Wrong: [(0, 4639), (1, 4524)]
2018-12-31 22:59:03,497 DEBUG Epoch 141/200
2018-12-31 22:59:03,497 DEBUG ----------
2018-12-31 23:00:04,771 DEBUG train Loss: 0.3586 Acc: 0.9539
2018-12-31 23:00:04,771 DEBUG   Correct: [(1, 37673), (0, 29363)]
2018-12-31 23:00:04,771 DEBUG   Wrong: [(0, 1636), (1, 1606)]
2018-12-31 23:00:12,188 DEBUG val Loss: 0.5715 Acc: 0.7370
2018-12-31 23:00:12,188 DEBUG   Correct: [(1, 15093), (0, 10418)]
2018-12-31 23:00:12,188 DEBUG   Wrong: [(0, 4850), (1, 4254)]
2018-12-31 23:00:12,188 DEBUG Epoch 142/200
2018-12-31 23:00:12,188 DEBUG ----------
2018-12-31 23:01:12,905 DEBUG train Loss: 0.3594 Acc: 0.9530
2018-12-31 23:01:12,905 DEBUG   Correct: [(1, 37641), (0, 29337)]
2018-12-31 23:01:12,905 DEBUG   Wrong: [(0, 1662), (1, 1638)]
2018-12-31 23:01:20,492 DEBUG val Loss: 0.5739 Acc: 0.7355
2018-12-31 23:01:20,492 DEBUG   Correct: [(1, 14947), (0, 10511)]
2018-12-31 23:01:20,492 DEBUG   Wrong: [(0, 4757), (1, 4400)]
2018-12-31 23:01:20,492 DEBUG Epoch 143/200
2018-12-31 23:01:20,492 DEBUG ----------
2018-12-31 23:02:18,848 DEBUG train Loss: 0.3593 Acc: 0.9530
2018-12-31 23:02:18,848 DEBUG   Correct: [(1, 37624), (0, 29352)]
2018-12-31 23:02:18,849 DEBUG   Wrong: [(1, 1655), (0, 1647)]
2018-12-31 23:02:25,809 DEBUG val Loss: 0.5740 Acc: 0.7346
2018-12-31 23:02:25,809 DEBUG   Correct: [(1, 15015), (0, 10412)]
2018-12-31 23:02:25,809 DEBUG   Wrong: [(0, 4856), (1, 4332)]
2018-12-31 23:02:25,809 DEBUG Epoch 144/200
2018-12-31 23:02:25,809 DEBUG ----------
2018-12-31 23:03:27,400 DEBUG train Loss: 0.3592 Acc: 0.9533
2018-12-31 23:03:27,400 DEBUG   Correct: [(1, 37664), (0, 29334)]
2018-12-31 23:03:27,400 DEBUG   Wrong: [(0, 1665), (1, 1615)]
2018-12-31 23:03:35,028 DEBUG val Loss: 0.5734 Acc: 0.7353
2018-12-31 23:03:35,028 DEBUG   Correct: [(1, 14709), (0, 10743)]
2018-12-31 23:03:35,029 DEBUG   Wrong: [(1, 4638), (0, 4525)]
2018-12-31 23:03:35,029 DEBUG Epoch 145/200
2018-12-31 23:03:35,029 DEBUG ----------
2018-12-31 23:04:37,217 DEBUG train Loss: 0.3592 Acc: 0.9534
2018-12-31 23:04:37,217 DEBUG   Correct: [(1, 37654), (0, 29352)]
2018-12-31 23:04:37,217 DEBUG   Wrong: [(0, 1647), (1, 1625)]
2018-12-31 23:04:44,239 DEBUG val Loss: 0.5717 Acc: 0.7373
2018-12-31 23:04:44,239 DEBUG   Correct: [(1, 15095), (0, 10428)]
2018-12-31 23:04:44,239 DEBUG   Wrong: [(0, 4840), (1, 4252)]
2018-12-31 23:04:44,239 DEBUG Epoch 146/200
2018-12-31 23:04:44,239 DEBUG ----------
2018-12-31 23:05:43,234 DEBUG train Loss: 0.3588 Acc: 0.9534
2018-12-31 23:05:43,235 DEBUG   Correct: [(1, 37657), (0, 29349)]
2018-12-31 23:05:43,235 DEBUG   Wrong: [(0, 1650), (1, 1622)]
2018-12-31 23:05:49,908 DEBUG val Loss: 0.5719 Acc: 0.7373
2018-12-31 23:05:49,908 DEBUG   Correct: [(1, 15251), (0, 10269)]
2018-12-31 23:05:49,918 DEBUG   Wrong: [(0, 4999), (1, 4096)]
2018-12-31 23:05:49,918 DEBUG Epoch 147/200
2018-12-31 23:05:49,918 DEBUG ----------
2018-12-31 23:06:50,240 DEBUG train Loss: 0.3588 Acc: 0.9534
2018-12-31 23:06:50,240 DEBUG   Correct: [(1, 37720), (0, 29283)]
2018-12-31 23:06:50,240 DEBUG   Wrong: [(0, 1716), (1, 1559)]
2018-12-31 23:06:57,991 DEBUG val Loss: 0.5726 Acc: 0.7364
2018-12-31 23:06:57,991 DEBUG   Correct: [(1, 15300), (0, 10189)]
2018-12-31 23:06:57,991 DEBUG   Wrong: [(0, 5079), (1, 4047)]
2018-12-31 23:06:57,991 DEBUG Epoch 148/200
2018-12-31 23:06:57,991 DEBUG ----------
2018-12-31 23:07:58,235 DEBUG train Loss: 0.3586 Acc: 0.9538
2018-12-31 23:07:58,235 DEBUG   Correct: [(1, 37665), (0, 29367)]
2018-12-31 23:07:58,235 DEBUG   Wrong: [(0, 1632), (1, 1614)]
2018-12-31 23:08:06,161 DEBUG val Loss: 0.5733 Acc: 0.7364
2018-12-31 23:08:06,161 DEBUG   Correct: [(1, 14953), (0, 10539)]
2018-12-31 23:08:06,161 DEBUG   Wrong: [(0, 4729), (1, 4394)]
2018-12-31 23:08:06,161 DEBUG Epoch 149/200
2018-12-31 23:08:06,161 DEBUG ----------
2018-12-31 23:09:00,890 DEBUG train Loss: 0.3583 Acc: 0.9543
2018-12-31 23:09:00,891 DEBUG   Correct: [(1, 37679), (0, 29385)]
2018-12-31 23:09:00,891 DEBUG   Wrong: [(0, 1614), (1, 1600)]
2018-12-31 23:09:04,177 DEBUG val Loss: 0.5709 Acc: 0.7379
2018-12-31 23:09:04,177 DEBUG   Correct: [(1, 15128), (0, 10415)]
2018-12-31 23:09:04,177 DEBUG   Wrong: [(0, 4853), (1, 4219)]
2018-12-31 23:09:04,177 DEBUG Epoch 150/200
2018-12-31 23:09:04,177 DEBUG ----------
2018-12-31 23:09:33,866 DEBUG train Loss: 0.3576 Acc: 0.9550
2018-12-31 23:09:33,866 DEBUG   Correct: [(1, 37729), (0, 29388)]
2018-12-31 23:09:33,866 DEBUG   Wrong: [(0, 1611), (1, 1550)]
2018-12-31 23:09:37,334 DEBUG val Loss: 0.5710 Acc: 0.7374
2018-12-31 23:09:37,334 DEBUG   Correct: [(1, 14984), (0, 10540)]
2018-12-31 23:09:37,334 DEBUG   Wrong: [(0, 4728), (1, 4363)]
2018-12-31 23:09:37,334 DEBUG Epoch 151/200
2018-12-31 23:09:37,334 DEBUG ----------
2018-12-31 23:10:04,451 DEBUG train Loss: 0.3582 Acc: 0.9544
2018-12-31 23:10:04,451 DEBUG   Correct: [(1, 37686), (0, 29385)]
2018-12-31 23:10:04,452 DEBUG   Wrong: [(0, 1614), (1, 1593)]
2018-12-31 23:10:07,723 DEBUG val Loss: 0.5730 Acc: 0.7360
2018-12-31 23:10:07,723 DEBUG   Correct: [(1, 15117), (0, 10360)]
2018-12-31 23:10:07,723 DEBUG   Wrong: [(0, 4908), (1, 4230)]
2018-12-31 23:10:07,723 DEBUG Epoch 152/200
2018-12-31 23:10:07,723 DEBUG ----------
2018-12-31 23:10:37,628 DEBUG train Loss: 0.3583 Acc: 0.9543
2018-12-31 23:10:37,628 DEBUG   Correct: [(1, 37750), (0, 29318)]
2018-12-31 23:10:37,628 DEBUG   Wrong: [(0, 1681), (1, 1529)]
2018-12-31 23:10:40,895 DEBUG val Loss: 0.5711 Acc: 0.7377
2018-12-31 23:10:40,895 DEBUG   Correct: [(1, 14979), (0, 10555)]
2018-12-31 23:10:40,895 DEBUG   Wrong: [(0, 4713), (1, 4368)]
2018-12-31 23:10:40,895 DEBUG Epoch 153/200
2018-12-31 23:10:40,895 DEBUG ----------
2018-12-31 23:11:12,168 DEBUG train Loss: 0.3588 Acc: 0.9537
2018-12-31 23:11:12,168 DEBUG   Correct: [(1, 37675), (0, 29348)]
2018-12-31 23:11:12,168 DEBUG   Wrong: [(0, 1651), (1, 1604)]
2018-12-31 23:11:15,428 DEBUG val Loss: 0.5701 Acc: 0.7391
2018-12-31 23:11:15,428 DEBUG   Correct: [(1, 15281), (0, 10304)]
2018-12-31 23:11:15,429 DEBUG   Wrong: [(0, 4964), (1, 4066)]
2018-12-31 23:11:15,429 DEBUG Epoch 154/200
2018-12-31 23:11:15,429 DEBUG ----------
2018-12-31 23:11:47,965 DEBUG train Loss: 0.3579 Acc: 0.9549
2018-12-31 23:11:47,965 DEBUG   Correct: [(1, 37767), (0, 29343)]
2018-12-31 23:11:47,965 DEBUG   Wrong: [(0, 1656), (1, 1512)]
2018-12-31 23:11:51,427 DEBUG val Loss: 0.5709 Acc: 0.7383
2018-12-31 23:11:51,427 DEBUG   Correct: [(1, 15013), (0, 10543)]
2018-12-31 23:11:51,427 DEBUG   Wrong: [(0, 4725), (1, 4334)]
2018-12-31 23:11:51,427 DEBUG Epoch 155/200
2018-12-31 23:11:51,428 DEBUG ----------
2018-12-31 23:12:19,166 DEBUG train Loss: 0.3572 Acc: 0.9553
2018-12-31 23:12:19,166 DEBUG   Correct: [(1, 37729), (0, 29410)]
2018-12-31 23:12:19,166 DEBUG   Wrong: [(0, 1589), (1, 1550)]
2018-12-31 23:12:22,606 DEBUG val Loss: 0.5701 Acc: 0.7385
2018-12-31 23:12:22,606 DEBUG   Correct: [(1, 15115), (0, 10449)]
2018-12-31 23:12:22,607 DEBUG   Wrong: [(0, 4819), (1, 4232)]
2018-12-31 23:12:22,607 DEBUG Epoch 156/200
2018-12-31 23:12:22,607 DEBUG ----------
2018-12-31 23:12:52,863 DEBUG train Loss: 0.3572 Acc: 0.9554
2018-12-31 23:12:52,863 DEBUG   Correct: [(1, 37712), (0, 29433)]
2018-12-31 23:12:52,863 DEBUG   Wrong: [(1, 1567), (0, 1566)]
2018-12-31 23:12:56,058 DEBUG val Loss: 0.5707 Acc: 0.7386
2018-12-31 23:12:56,058 DEBUG   Correct: [(1, 14778), (0, 10790)]
2018-12-31 23:12:56,058 DEBUG   Wrong: [(1, 4569), (0, 4478)]
2018-12-31 23:12:56,058 DEBUG Epoch 157/200
2018-12-31 23:12:56,058 DEBUG ----------
2018-12-31 23:13:26,534 DEBUG train Loss: 0.3592 Acc: 0.9533
2018-12-31 23:13:26,535 DEBUG   Correct: [(1, 37661), (0, 29332)]
2018-12-31 23:13:26,535 DEBUG   Wrong: [(0, 1667), (1, 1618)]
2018-12-31 23:13:29,930 DEBUG val Loss: 0.5725 Acc: 0.7364
2018-12-31 23:13:29,931 DEBUG   Correct: [(1, 14985), (0, 10504)]
2018-12-31 23:13:29,931 DEBUG   Wrong: [(0, 4764), (1, 4362)]
2018-12-31 23:13:29,931 DEBUG Epoch 158/200
2018-12-31 23:13:29,931 DEBUG ----------
2018-12-31 23:14:00,222 DEBUG train Loss: 0.3569 Acc: 0.9554
2018-12-31 23:14:00,222 DEBUG   Correct: [(1, 37701), (0, 29442)]
2018-12-31 23:14:00,222 DEBUG   Wrong: [(1, 1578), (0, 1557)]
2018-12-31 23:14:03,765 DEBUG val Loss: 0.5737 Acc: 0.7349
2018-12-31 23:14:03,765 DEBUG   Correct: [(1, 15092), (0, 10345)]
2018-12-31 23:14:03,765 DEBUG   Wrong: [(0, 4923), (1, 4255)]
2018-12-31 23:14:03,765 DEBUG Epoch 159/200
2018-12-31 23:14:03,765 DEBUG ----------
2018-12-31 23:14:31,805 DEBUG train Loss: 0.3568 Acc: 0.9556
2018-12-31 23:14:31,806 DEBUG   Correct: [(1, 37704), (0, 29451)]
2018-12-31 23:14:31,806 DEBUG   Wrong: [(1, 1575), (0, 1548)]
2018-12-31 23:14:35,269 DEBUG val Loss: 0.5710 Acc: 0.7380
2018-12-31 23:14:35,269 DEBUG   Correct: [(1, 15136), (0, 10409)]
2018-12-31 23:14:35,270 DEBUG   Wrong: [(0, 4859), (1, 4211)]
2018-12-31 23:14:35,270 DEBUG Epoch 160/200
2018-12-31 23:14:35,270 DEBUG ----------
2018-12-31 23:15:04,011 DEBUG train Loss: 0.3562 Acc: 0.9561
2018-12-31 23:15:04,012 DEBUG   Correct: [(1, 37746), (0, 29447)]
2018-12-31 23:15:04,012 DEBUG   Wrong: [(0, 1552), (1, 1533)]
2018-12-31 23:15:07,217 DEBUG val Loss: 0.5733 Acc: 0.7358
2018-12-31 23:15:07,217 DEBUG   Correct: [(1, 15025), (0, 10444)]
2018-12-31 23:15:07,217 DEBUG   Wrong: [(0, 4824), (1, 4322)]
2018-12-31 23:15:07,217 DEBUG Epoch 161/200
2018-12-31 23:15:07,217 DEBUG ----------
2018-12-31 23:15:34,187 DEBUG train Loss: 0.3560 Acc: 0.9566
2018-12-31 23:15:34,188 DEBUG   Correct: [(1, 37718), (0, 29510)]
2018-12-31 23:15:34,188 DEBUG   Wrong: [(1, 1561), (0, 1489)]
2018-12-31 23:15:37,424 DEBUG val Loss: 0.5712 Acc: 0.7378
2018-12-31 23:15:37,424 DEBUG   Correct: [(1, 15150), (0, 10390)]
2018-12-31 23:15:37,424 DEBUG   Wrong: [(0, 4878), (1, 4197)]
2018-12-31 23:15:37,424 DEBUG Epoch 162/200
2018-12-31 23:15:37,424 DEBUG ----------
2018-12-31 23:16:06,156 DEBUG train Loss: 0.3566 Acc: 0.9558
2018-12-31 23:16:06,156 DEBUG   Correct: [(1, 37722), (0, 29450)]
2018-12-31 23:16:06,156 DEBUG   Wrong: [(1, 1557), (0, 1549)]
2018-12-31 23:16:09,186 DEBUG val Loss: 0.5707 Acc: 0.7381
2018-12-31 23:16:09,186 DEBUG   Correct: [(1, 15185), (0, 10366)]
2018-12-31 23:16:09,186 DEBUG   Wrong: [(0, 4902), (1, 4162)]
2018-12-31 23:16:09,186 DEBUG Epoch 163/200
2018-12-31 23:16:09,186 DEBUG ----------
2018-12-31 23:16:38,674 DEBUG train Loss: 0.3557 Acc: 0.9569
2018-12-31 23:16:38,674 DEBUG   Correct: [(1, 37747), (0, 29500)]
2018-12-31 23:16:38,675 DEBUG   Wrong: [(1, 1532), (0, 1499)]
2018-12-31 23:16:42,297 DEBUG val Loss: 0.5694 Acc: 0.7391
2018-12-31 23:16:42,297 DEBUG   Correct: [(1, 14962), (0, 10622)]
2018-12-31 23:16:42,297 DEBUG   Wrong: [(0, 4646), (1, 4385)]
2018-12-31 23:16:42,297 DEBUG Epoch 164/200
2018-12-31 23:16:42,298 DEBUG ----------
2018-12-31 23:17:12,719 DEBUG train Loss: 0.3571 Acc: 0.9554
2018-12-31 23:17:12,719 DEBUG   Correct: [(1, 37750), (0, 29396)]
2018-12-31 23:17:12,719 DEBUG   Wrong: [(0, 1603), (1, 1529)]
2018-12-31 23:17:16,024 DEBUG val Loss: 0.5708 Acc: 0.7375
2018-12-31 23:17:16,024 DEBUG   Correct: [(1, 14948), (0, 10581)]
2018-12-31 23:17:16,024 DEBUG   Wrong: [(0, 4687), (1, 4399)]
2018-12-31 23:17:16,024 DEBUG Epoch 165/200
2018-12-31 23:17:16,024 DEBUG ----------
2018-12-31 23:18:09,382 DEBUG train Loss: 0.3564 Acc: 0.9560
2018-12-31 23:18:09,382 DEBUG   Correct: [(1, 37741), (0, 29445)]
2018-12-31 23:18:09,382 DEBUG   Wrong: [(0, 1554), (1, 1538)]
2018-12-31 23:18:17,036 DEBUG val Loss: 0.5728 Acc: 0.7357
2018-12-31 23:18:17,036 DEBUG   Correct: [(1, 14980), (0, 10485)]
2018-12-31 23:18:17,036 DEBUG   Wrong: [(0, 4783), (1, 4367)]
2018-12-31 23:18:17,036 DEBUG Epoch 166/200
2018-12-31 23:18:17,036 DEBUG ----------
2018-12-31 23:19:16,057 DEBUG train Loss: 0.3565 Acc: 0.9555
2018-12-31 23:19:16,058 DEBUG   Correct: [(1, 37702), (0, 29452)]
2018-12-31 23:19:16,058 DEBUG   Wrong: [(1, 1577), (0, 1547)]
2018-12-31 23:19:22,299 DEBUG val Loss: 0.5709 Acc: 0.7381
2018-12-31 23:19:22,299 DEBUG   Correct: [(1, 15110), (0, 10441)]
2018-12-31 23:19:22,299 DEBUG   Wrong: [(0, 4827), (1, 4237)]
2018-12-31 23:19:22,299 DEBUG Epoch 167/200
2018-12-31 23:19:22,299 DEBUG ----------
2018-12-31 23:20:21,359 DEBUG train Loss: 0.3562 Acc: 0.9561
2018-12-31 23:20:21,366 DEBUG   Correct: [(1, 37715), (0, 29478)]
2018-12-31 23:20:21,366 DEBUG   Wrong: [(1, 1564), (0, 1521)]
2018-12-31 23:20:29,032 DEBUG val Loss: 0.5722 Acc: 0.7366
2018-12-31 23:20:29,032 DEBUG   Correct: [(1, 14736), (0, 10763)]
2018-12-31 23:20:29,032 DEBUG   Wrong: [(1, 4611), (0, 4505)]
2018-12-31 23:20:29,032 DEBUG Epoch 168/200
2018-12-31 23:20:29,032 DEBUG ----------
2018-12-31 23:21:23,787 DEBUG train Loss: 0.3559 Acc: 0.9564
2018-12-31 23:21:23,788 DEBUG   Correct: [(1, 37742), (0, 29471)]
2018-12-31 23:21:23,788 DEBUG   Wrong: [(1, 1537), (0, 1528)]
2018-12-31 23:21:31,625 DEBUG val Loss: 0.5724 Acc: 0.7358
2018-12-31 23:21:31,625 DEBUG   Correct: [(1, 14981), (0, 10490)]
2018-12-31 23:21:31,625 DEBUG   Wrong: [(0, 4778), (1, 4366)]
2018-12-31 23:21:31,625 DEBUG Epoch 169/200
2018-12-31 23:21:31,626 DEBUG ----------
2018-12-31 23:22:29,878 DEBUG train Loss: 0.3549 Acc: 0.9575
2018-12-31 23:22:29,878 DEBUG   Correct: [(1, 37779), (0, 29511)]
2018-12-31 23:22:29,879 DEBUG   Wrong: [(1, 1500), (0, 1488)]
2018-12-31 23:22:37,160 DEBUG val Loss: 0.5734 Acc: 0.7355
2018-12-31 23:22:37,160 DEBUG   Correct: [(1, 14762), (0, 10697)]
2018-12-31 23:22:37,160 DEBUG   Wrong: [(1, 4585), (0, 4571)]
2018-12-31 23:22:37,160 DEBUG Epoch 170/200
2018-12-31 23:22:37,160 DEBUG ----------
2018-12-31 23:23:39,630 DEBUG train Loss: 0.3544 Acc: 0.9583
2018-12-31 23:23:39,630 DEBUG   Correct: [(1, 37803), (0, 29543)]
2018-12-31 23:23:39,630 DEBUG   Wrong: [(1, 1476), (0, 1456)]
2018-12-31 23:23:46,518 DEBUG val Loss: 0.5715 Acc: 0.7373
2018-12-31 23:23:46,518 DEBUG   Correct: [(1, 14885), (0, 10635)]
2018-12-31 23:23:46,518 DEBUG   Wrong: [(0, 4633), (1, 4462)]
2018-12-31 23:23:46,518 DEBUG Epoch 171/200
2018-12-31 23:23:46,518 DEBUG ----------
2018-12-31 23:24:50,122 DEBUG train Loss: 0.3549 Acc: 0.9576
2018-12-31 23:24:50,123 DEBUG   Correct: [(1, 37793), (0, 29506)]
2018-12-31 23:24:50,123 DEBUG   Wrong: [(0, 1493), (1, 1486)]
2018-12-31 23:24:58,344 DEBUG val Loss: 0.5717 Acc: 0.7373
2018-12-31 23:24:58,344 DEBUG   Correct: [(1, 15420), (0, 10103)]
2018-12-31 23:24:58,344 DEBUG   Wrong: [(0, 5165), (1, 3927)]
2018-12-31 23:24:58,344 DEBUG Epoch 172/200
2018-12-31 23:24:58,344 DEBUG ----------
2018-12-31 23:26:01,693 DEBUG train Loss: 0.3553 Acc: 0.9574
2018-12-31 23:26:01,700 DEBUG   Correct: [(1, 37781), (0, 29500)]
2018-12-31 23:26:01,700 DEBUG   Wrong: [(0, 1499), (1, 1498)]
2018-12-31 23:26:09,265 DEBUG val Loss: 0.5719 Acc: 0.7372
2018-12-31 23:26:09,265 DEBUG   Correct: [(1, 15074), (0, 10444)]
2018-12-31 23:26:09,266 DEBUG   Wrong: [(0, 4824), (1, 4273)]
2018-12-31 23:26:09,266 DEBUG Epoch 173/200
2018-12-31 23:26:09,266 DEBUG ----------
2018-12-31 23:27:11,101 DEBUG train Loss: 0.3553 Acc: 0.9572
2018-12-31 23:27:11,101 DEBUG   Correct: [(1, 37827), (0, 29446)]
2018-12-31 23:27:11,101 DEBUG   Wrong: [(0, 1553), (1, 1452)]
2018-12-31 23:27:17,545 DEBUG val Loss: 0.5738 Acc: 0.7348
2018-12-31 23:27:17,545 DEBUG   Correct: [(1, 14721), (0, 10714)]
2018-12-31 23:27:17,545 DEBUG   Wrong: [(1, 4626), (0, 4554)]
2018-12-31 23:27:17,545 DEBUG Epoch 174/200
2018-12-31 23:27:17,545 DEBUG ----------
2018-12-31 23:28:14,192 DEBUG train Loss: 0.3554 Acc: 0.9570
2018-12-31 23:28:14,202 DEBUG   Correct: [(1, 37779), (0, 29474)]
2018-12-31 23:28:14,202 DEBUG   Wrong: [(0, 1525), (1, 1500)]
2018-12-31 23:28:21,264 DEBUG val Loss: 0.5715 Acc: 0.7369
2018-12-31 23:28:21,265 DEBUG   Correct: [(1, 15107), (0, 10402)]
2018-12-31 23:28:21,265 DEBUG   Wrong: [(0, 4866), (1, 4240)]
2018-12-31 23:28:21,265 DEBUG Epoch 175/200
2018-12-31 23:28:21,265 DEBUG ----------
2018-12-31 23:29:19,293 DEBUG train Loss: 0.3548 Acc: 0.9578
2018-12-31 23:29:19,295 DEBUG   Correct: [(1, 37826), (0, 29485)]
2018-12-31 23:29:19,297 DEBUG   Wrong: [(0, 1514), (1, 1453)]
2018-12-31 23:29:26,466 DEBUG val Loss: 0.5701 Acc: 0.7391
2018-12-31 23:29:26,466 DEBUG   Correct: [(1, 15197), (0, 10387)]
2018-12-31 23:29:26,466 DEBUG   Wrong: [(0, 4881), (1, 4150)]
2018-12-31 23:29:26,466 DEBUG Epoch 176/200
2018-12-31 23:29:26,466 DEBUG ----------
2018-12-31 23:30:26,151 DEBUG train Loss: 0.3549 Acc: 0.9577
2018-12-31 23:30:26,151 DEBUG   Correct: [(1, 37790), (0, 29517)]
2018-12-31 23:30:26,152 DEBUG   Wrong: [(1, 1489), (0, 1482)]
2018-12-31 23:30:32,995 DEBUG val Loss: 0.5743 Acc: 0.7347
2018-12-31 23:30:32,995 DEBUG   Correct: [(1, 14781), (0, 10649)]
2018-12-31 23:30:32,996 DEBUG   Wrong: [(0, 4619), (1, 4566)]
2018-12-31 23:30:32,996 DEBUG Epoch 177/200
2018-12-31 23:30:32,996 DEBUG ----------
2018-12-31 23:31:35,495 DEBUG train Loss: 0.3540 Acc: 0.9585
2018-12-31 23:31:35,496 DEBUG   Correct: [(1, 37827), (0, 29535)]
2018-12-31 23:31:35,496 DEBUG   Wrong: [(0, 1464), (1, 1452)]
2018-12-31 23:31:41,868 DEBUG val Loss: 0.5711 Acc: 0.7371
2018-12-31 23:31:41,869 DEBUG   Correct: [(1, 14957), (0, 10559)]
2018-12-31 23:31:41,869 DEBUG   Wrong: [(0, 4709), (1, 4390)]
2018-12-31 23:31:41,869 DEBUG Epoch 178/200
2018-12-31 23:31:41,869 DEBUG ----------
2018-12-31 23:32:40,676 DEBUG train Loss: 0.3539 Acc: 0.9587
2018-12-31 23:32:40,677 DEBUG   Correct: [(1, 37834), (0, 29540)]
2018-12-31 23:32:40,677 DEBUG   Wrong: [(0, 1459), (1, 1445)]
2018-12-31 23:32:47,348 DEBUG val Loss: 0.5687 Acc: 0.7404
2018-12-31 23:32:47,348 DEBUG   Correct: [(1, 15315), (0, 10314)]
2018-12-31 23:32:47,348 DEBUG   Wrong: [(0, 4954), (1, 4032)]
2018-12-31 23:32:47,348 DEBUG Epoch 179/200
2018-12-31 23:32:47,349 DEBUG ----------
2018-12-31 23:33:45,737 DEBUG train Loss: 0.3539 Acc: 0.9585
2018-12-31 23:33:45,738 DEBUG   Correct: [(1, 37868), (0, 29495)]
2018-12-31 23:33:45,739 DEBUG   Wrong: [(0, 1504), (1, 1411)]
2018-12-31 23:33:52,018 DEBUG val Loss: 0.5706 Acc: 0.7384
2018-12-31 23:33:52,018 DEBUG   Correct: [(1, 15245), (0, 10313)]
2018-12-31 23:33:52,019 DEBUG   Wrong: [(0, 4955), (1, 4102)]
2018-12-31 23:33:52,019 DEBUG Epoch 180/200
2018-12-31 23:33:52,019 DEBUG ----------
2018-12-31 23:34:48,062 DEBUG train Loss: 0.3552 Acc: 0.9574
2018-12-31 23:34:48,063 DEBUG   Correct: [(1, 37828), (0, 29457)]
2018-12-31 23:34:48,063 DEBUG   Wrong: [(0, 1542), (1, 1451)]
2018-12-31 23:34:54,578 DEBUG val Loss: 0.5701 Acc: 0.7387
2018-12-31 23:34:54,578 DEBUG   Correct: [(1, 14835), (0, 10734)]
2018-12-31 23:34:54,579 DEBUG   Wrong: [(0, 4534), (1, 4512)]
2018-12-31 23:34:54,579 DEBUG Epoch 181/200
2018-12-31 23:34:54,579 DEBUG ----------
2018-12-31 23:35:51,262 DEBUG train Loss: 0.3532 Acc: 0.9593
2018-12-31 23:35:51,262 DEBUG   Correct: [(1, 37881), (0, 29536)]
2018-12-31 23:35:51,262 DEBUG   Wrong: [(0, 1463), (1, 1398)]
2018-12-31 23:35:57,641 DEBUG val Loss: 0.5689 Acc: 0.7407
2018-12-31 23:35:57,641 DEBUG   Correct: [(1, 15139), (0, 10501)]
2018-12-31 23:35:57,641 DEBUG   Wrong: [(0, 4767), (1, 4208)]
2018-12-31 23:35:57,642 DEBUG Epoch 182/200
2018-12-31 23:35:57,642 DEBUG ----------
2018-12-31 23:36:56,162 DEBUG train Loss: 0.3528 Acc: 0.9598
2018-12-31 23:36:56,162 DEBUG   Correct: [(1, 37875), (0, 29575)]
2018-12-31 23:36:56,162 DEBUG   Wrong: [(0, 1424), (1, 1404)]
2018-12-31 23:37:02,961 DEBUG val Loss: 0.5704 Acc: 0.7386
2018-12-31 23:37:02,961 DEBUG   Correct: [(1, 14940), (0, 10626)]
2018-12-31 23:37:02,961 DEBUG   Wrong: [(0, 4642), (1, 4407)]
2018-12-31 23:37:02,961 DEBUG Epoch 183/200
2018-12-31 23:37:02,962 DEBUG ----------
2018-12-31 23:38:00,810 DEBUG train Loss: 0.3536 Acc: 0.9592
2018-12-31 23:38:00,811 DEBUG   Correct: [(1, 37871), (0, 29537)]
2018-12-31 23:38:00,811 DEBUG   Wrong: [(0, 1462), (1, 1408)]
2018-12-31 23:38:07,212 DEBUG val Loss: 0.5694 Acc: 0.7399
2018-12-31 23:38:07,212 DEBUG   Correct: [(1, 15015), (0, 10595)]
2018-12-31 23:38:07,213 DEBUG   Wrong: [(0, 4673), (1, 4332)]
2018-12-31 23:38:07,213 DEBUG Epoch 184/200
2018-12-31 23:38:07,213 DEBUG ----------
2018-12-31 23:39:03,198 DEBUG train Loss: 0.3537 Acc: 0.9589
2018-12-31 23:39:03,204 DEBUG   Correct: [(1, 37824), (0, 29565)]
2018-12-31 23:39:03,205 DEBUG   Wrong: [(1, 1455), (0, 1434)]
2018-12-31 23:39:11,221 DEBUG val Loss: 0.5719 Acc: 0.7366
2018-12-31 23:39:11,221 DEBUG   Correct: [(1, 14734), (0, 10763)]
2018-12-31 23:39:11,221 DEBUG   Wrong: [(1, 4613), (0, 4505)]
2018-12-31 23:39:11,222 DEBUG Epoch 185/200
2018-12-31 23:39:11,222 DEBUG ----------
2018-12-31 23:40:16,283 DEBUG train Loss: 0.3534 Acc: 0.9591
2018-12-31 23:40:16,283 DEBUG   Correct: [(1, 37796), (0, 29607)]
2018-12-31 23:40:16,283 DEBUG   Wrong: [(1, 1483), (0, 1392)]
2018-12-31 23:40:22,761 DEBUG val Loss: 0.5731 Acc: 0.7351
2018-12-31 23:40:22,761 DEBUG   Correct: [(1, 14935), (0, 10511)]
2018-12-31 23:40:22,761 DEBUG   Wrong: [(0, 4757), (1, 4412)]
2018-12-31 23:40:22,761 DEBUG Epoch 186/200
2018-12-31 23:40:22,761 DEBUG ----------
2018-12-31 23:41:21,197 DEBUG train Loss: 0.3526 Acc: 0.9602
2018-12-31 23:41:21,198 DEBUG   Correct: [(1, 37888), (0, 29591)]
2018-12-31 23:41:21,198 DEBUG   Wrong: [(0, 1408), (1, 1391)]
2018-12-31 23:41:27,447 DEBUG val Loss: 0.5704 Acc: 0.7386
2018-12-31 23:41:27,456 DEBUG   Correct: [(1, 15198), (0, 10368)]
2018-12-31 23:41:27,456 DEBUG   Wrong: [(0, 4900), (1, 4149)]
2018-12-31 23:41:27,456 DEBUG Epoch 187/200
2018-12-31 23:41:27,456 DEBUG ----------
2018-12-31 23:42:27,030 DEBUG train Loss: 0.3530 Acc: 0.9595
2018-12-31 23:42:27,030 DEBUG   Correct: [(1, 37846), (0, 29584)]
2018-12-31 23:42:27,030 DEBUG   Wrong: [(1, 1433), (0, 1415)]
2018-12-31 23:42:32,448 DEBUG val Loss: 0.5724 Acc: 0.7363
2018-12-31 23:42:32,448 DEBUG   Correct: [(1, 14862), (0, 10625)]
2018-12-31 23:42:32,448 DEBUG   Wrong: [(0, 4643), (1, 4485)]
2018-12-31 23:42:32,448 DEBUG Epoch 188/200
2018-12-31 23:42:32,448 DEBUG ----------
2018-12-31 23:43:03,467 DEBUG train Loss: 0.3534 Acc: 0.9593
2018-12-31 23:43:03,467 DEBUG   Correct: [(1, 37858), (0, 29563)]
2018-12-31 23:43:03,467 DEBUG   Wrong: [(0, 1436), (1, 1421)]
2018-12-31 23:43:06,844 DEBUG val Loss: 0.5743 Acc: 0.7340
2018-12-31 23:43:06,844 DEBUG   Correct: [(1, 14720), (0, 10689)]
2018-12-31 23:43:06,844 DEBUG   Wrong: [(1, 4627), (0, 4579)]
2018-12-31 23:43:06,844 DEBUG Epoch 189/200
2018-12-31 23:43:06,844 DEBUG ----------
2018-12-31 23:43:38,981 DEBUG train Loss: 0.3531 Acc: 0.9592
2018-12-31 23:43:38,981 DEBUG   Correct: [(1, 37861), (0, 29549)]
2018-12-31 23:43:38,981 DEBUG   Wrong: [(0, 1450), (1, 1418)]
2018-12-31 23:43:42,525 DEBUG val Loss: 0.5727 Acc: 0.7362
2018-12-31 23:43:42,525 DEBUG   Correct: [(1, 14858), (0, 10627)]
2018-12-31 23:43:42,525 DEBUG   Wrong: [(0, 4641), (1, 4489)]
2018-12-31 23:43:42,525 DEBUG Epoch 190/200
2018-12-31 23:43:42,525 DEBUG ----------
2018-12-31 23:44:15,554 DEBUG train Loss: 0.3524 Acc: 0.9600
2018-12-31 23:44:15,555 DEBUG   Correct: [(1, 37919), (0, 29548)]
2018-12-31 23:44:15,555 DEBUG   Wrong: [(0, 1451), (1, 1360)]
2018-12-31 23:44:18,944 DEBUG val Loss: 0.5711 Acc: 0.7381
2018-12-31 23:44:18,944 DEBUG   Correct: [(1, 14992), (0, 10559)]
2018-12-31 23:44:18,944 DEBUG   Wrong: [(0, 4709), (1, 4355)]
2018-12-31 23:44:18,944 DEBUG Epoch 191/200
2018-12-31 23:44:18,944 DEBUG ----------
2018-12-31 23:44:51,244 DEBUG train Loss: 0.3530 Acc: 0.9596
2018-12-31 23:44:51,244 DEBUG   Correct: [(1, 37874), (0, 29567)]
2018-12-31 23:44:51,244 DEBUG   Wrong: [(0, 1432), (1, 1405)]
2018-12-31 23:44:54,902 DEBUG val Loss: 0.5720 Acc: 0.7368
2018-12-31 23:44:54,902 DEBUG   Correct: [(1, 14975), (0, 10530)]
2018-12-31 23:44:54,902 DEBUG   Wrong: [(0, 4738), (1, 4372)]
2018-12-31 23:44:54,902 DEBUG Epoch 192/200
2018-12-31 23:44:54,902 DEBUG ----------
2018-12-31 23:45:26,699 DEBUG train Loss: 0.3530 Acc: 0.9598
2018-12-31 23:45:26,699 DEBUG   Correct: [(1, 37859), (0, 29592)]
2018-12-31 23:45:26,699 DEBUG   Wrong: [(1, 1420), (0, 1407)]
2018-12-31 23:45:30,306 DEBUG val Loss: 0.5715 Acc: 0.7368
2018-12-31 23:45:30,306 DEBUG   Correct: [(1, 15032), (0, 10473)]
2018-12-31 23:45:30,306 DEBUG   Wrong: [(0, 4795), (1, 4315)]
2018-12-31 23:45:30,306 DEBUG Epoch 193/200
2018-12-31 23:45:30,306 DEBUG ----------
2018-12-31 23:46:00,689 DEBUG train Loss: 0.3520 Acc: 0.9607
2018-12-31 23:46:00,689 DEBUG   Correct: [(1, 37912), (0, 29604)]
2018-12-31 23:46:00,697 DEBUG   Wrong: [(0, 1395), (1, 1367)]
2018-12-31 23:46:04,132 DEBUG val Loss: 0.5716 Acc: 0.7376
2018-12-31 23:46:04,132 DEBUG   Correct: [(1, 15136), (0, 10396)]
2018-12-31 23:46:04,132 DEBUG   Wrong: [(0, 4872), (1, 4211)]
2018-12-31 23:46:04,132 DEBUG Epoch 194/200
2018-12-31 23:46:04,132 DEBUG ----------
2018-12-31 23:46:34,203 DEBUG train Loss: 0.3520 Acc: 0.9607
2018-12-31 23:46:34,203 DEBUG   Correct: [(1, 37920), (0, 29597)]
2018-12-31 23:46:34,203 DEBUG   Wrong: [(0, 1402), (1, 1359)]
2018-12-31 23:46:37,353 DEBUG val Loss: 0.5715 Acc: 0.7371
2018-12-31 23:46:37,353 DEBUG   Correct: [(1, 15130), (0, 10386)]
2018-12-31 23:46:37,353 DEBUG   Wrong: [(0, 4882), (1, 4217)]
2018-12-31 23:46:37,353 DEBUG Epoch 195/200
2018-12-31 23:46:37,353 DEBUG ----------
2018-12-31 23:47:06,956 DEBUG train Loss: 0.3520 Acc: 0.9606
2018-12-31 23:47:06,957 DEBUG   Correct: [(1, 37923), (0, 29584)]
2018-12-31 23:47:06,957 DEBUG   Wrong: [(0, 1415), (1, 1356)]
2018-12-31 23:47:10,203 DEBUG val Loss: 0.5689 Acc: 0.7409
2018-12-31 23:47:10,203 DEBUG   Correct: [(1, 15218), (0, 10429)]
2018-12-31 23:47:10,203 DEBUG   Wrong: [(0, 4839), (1, 4129)]
2018-12-31 23:47:10,203 DEBUG Epoch 196/200
2018-12-31 23:47:10,203 DEBUG ----------
2018-12-31 23:47:39,495 DEBUG train Loss: 0.3512 Acc: 0.9615
2018-12-31 23:47:39,495 DEBUG   Correct: [(1, 37920), (0, 29650)]
2018-12-31 23:47:39,495 DEBUG   Wrong: [(1, 1359), (0, 1349)]
2018-12-31 23:47:42,743 DEBUG val Loss: 0.5697 Acc: 0.7395
2018-12-31 23:47:42,743 DEBUG   Correct: [(1, 15112), (0, 10485)]
2018-12-31 23:47:42,743 DEBUG   Wrong: [(0, 4783), (1, 4235)]
2018-12-31 23:47:42,743 DEBUG Epoch 197/200
2018-12-31 23:47:42,743 DEBUG ----------
2018-12-31 23:48:11,018 DEBUG train Loss: 0.3520 Acc: 0.9605
2018-12-31 23:48:11,018 DEBUG   Correct: [(1, 37887), (0, 29618)]
2018-12-31 23:48:11,018 DEBUG   Wrong: [(1, 1392), (0, 1381)]
2018-12-31 23:48:14,325 DEBUG val Loss: 0.5695 Acc: 0.7388
2018-12-31 23:48:14,325 DEBUG   Correct: [(1, 15074), (0, 10501)]
2018-12-31 23:48:14,325 DEBUG   Wrong: [(0, 4767), (1, 4273)]
2018-12-31 23:48:14,325 DEBUG Epoch 198/200
2018-12-31 23:48:14,325 DEBUG ----------
2018-12-31 23:48:41,050 DEBUG train Loss: 0.3534 Acc: 0.9592
2018-12-31 23:48:41,050 DEBUG   Correct: [(1, 37858), (0, 29552)]
2018-12-31 23:48:41,050 DEBUG   Wrong: [(0, 1447), (1, 1421)]
2018-12-31 23:48:44,230 DEBUG val Loss: 0.5708 Acc: 0.7384
2018-12-31 23:48:44,230 DEBUG   Correct: [(1, 15251), (0, 10309)]
2018-12-31 23:48:44,238 DEBUG   Wrong: [(0, 4959), (1, 4096)]
2018-12-31 23:48:44,238 DEBUG Epoch 199/200
2018-12-31 23:48:44,238 DEBUG ----------
2018-12-31 23:49:13,398 DEBUG train Loss: 0.3534 Acc: 0.9590
2018-12-31 23:49:13,398 DEBUG   Correct: [(1, 37868), (0, 29531)]
2018-12-31 23:49:13,398 DEBUG   Wrong: [(0, 1468), (1, 1411)]
2018-12-31 23:49:16,567 DEBUG val Loss: 0.5710 Acc: 0.7382
2018-12-31 23:49:16,568 DEBUG   Correct: [(1, 14943), (0, 10609)]
2018-12-31 23:49:16,568 DEBUG   Wrong: [(0, 4659), (1, 4404)]
2018-12-31 23:49:16,574 DEBUG backend module://ipykernel.pylab.backend_inline version unknown
