2018-12-31 23:10:32,279 DEBUG backend module://ipykernel.pylab.backend_inline version unknown
2018-12-31 23:17:22,187 DEBUG Training started...
2018-12-31 23:17:22,188 DEBUG Epoch 0/25
2018-12-31 23:17:22,188 DEBUG ----------
2018-12-31 23:18:17,279 DEBUG train Loss: 119.1139
2018-12-31 23:18:21,637 DEBUG val Loss: 121.7546
2018-12-31 23:18:21,637 INFO Epoch 0, New Best Model found: Acc 121.7546
2018-12-31 23:18:21,647 DEBUG Epoch 1/25
2018-12-31 23:18:21,647 DEBUG ----------
2018-12-31 23:19:16,108 DEBUG train Loss: 80.3097
2018-12-31 23:19:20,122 DEBUG val Loss: 351.2139
2018-12-31 23:19:20,123 DEBUG Epoch 2/25
2018-12-31 23:19:20,123 DEBUG ----------
2018-12-31 23:20:15,069 DEBUG train Loss: 60.8669
2018-12-31 23:20:19,162 DEBUG val Loss: 123.6883
2018-12-31 23:20:19,162 DEBUG Epoch 3/25
2018-12-31 23:20:19,163 DEBUG ----------
2018-12-31 23:21:10,114 DEBUG train Loss: 45.2664
2018-12-31 23:21:14,152 DEBUG val Loss: 144.1843
2018-12-31 23:21:14,152 DEBUG Epoch 4/25
2018-12-31 23:21:14,153 DEBUG ----------
2018-12-31 23:22:08,718 DEBUG train Loss: 36.9303
2018-12-31 23:22:12,436 DEBUG val Loss: 77.7492
2018-12-31 23:22:12,436 INFO Epoch 4, New Best Model found: Acc 77.7492
2018-12-31 23:22:12,443 DEBUG Epoch 5/25
2018-12-31 23:22:12,443 DEBUG ----------
2018-12-31 23:23:07,943 DEBUG train Loss: 32.7293
2018-12-31 23:23:12,388 DEBUG val Loss: 79.3455
2018-12-31 23:23:12,388 DEBUG Epoch 6/25
2018-12-31 23:23:12,389 DEBUG ----------
2018-12-31 23:24:09,665 DEBUG train Loss: 27.2791
2018-12-31 23:24:14,619 DEBUG val Loss: 262.6260
2018-12-31 23:24:14,619 DEBUG Epoch 7/25
2018-12-31 23:24:14,619 DEBUG ----------
2018-12-31 23:25:15,753 DEBUG train Loss: 23.7747
2018-12-31 23:25:20,470 DEBUG val Loss: 512.1791
2018-12-31 23:25:20,470 DEBUG Epoch 8/25
2018-12-31 23:25:20,470 DEBUG ----------
2018-12-31 23:26:20,890 DEBUG train Loss: 20.0454
2018-12-31 23:26:26,297 DEBUG val Loss: 238.8067
2018-12-31 23:26:26,297 DEBUG Epoch 9/25
2018-12-31 23:26:26,297 DEBUG ----------
2018-12-31 23:27:23,276 DEBUG train Loss: 20.6459
2018-12-31 23:27:27,198 DEBUG val Loss: 72.8253
2018-12-31 23:27:27,198 INFO Epoch 9, New Best Model found: Acc 72.8253
2018-12-31 23:27:27,205 DEBUG Epoch 10/25
2018-12-31 23:27:27,205 DEBUG ----------
2018-12-31 23:28:23,497 DEBUG train Loss: 17.7951
2018-12-31 23:28:27,731 DEBUG val Loss: 221.3484
2018-12-31 23:28:27,732 DEBUG Epoch 11/25
2018-12-31 23:28:27,732 DEBUG ----------
2018-12-31 23:29:25,977 DEBUG train Loss: 18.3510
2018-12-31 23:29:30,396 DEBUG val Loss: 73.9937
2018-12-31 23:29:30,396 DEBUG Epoch 12/25
2018-12-31 23:29:30,396 DEBUG ----------
2018-12-31 23:30:25,872 DEBUG train Loss: 16.5088
2018-12-31 23:30:29,867 DEBUG val Loss: 36907.2040
2018-12-31 23:30:29,868 DEBUG Epoch 13/25
2018-12-31 23:30:29,868 DEBUG ----------
2018-12-31 23:31:28,221 DEBUG train Loss: 18.0791
2018-12-31 23:31:32,262 DEBUG val Loss: 100.2217
2018-12-31 23:31:32,262 DEBUG Epoch 14/25
2018-12-31 23:31:32,262 DEBUG ----------
2018-12-31 23:32:27,636 DEBUG train Loss: 13.2049
2018-12-31 23:32:31,891 DEBUG val Loss: 109.0439
2018-12-31 23:32:31,902 DEBUG Epoch 15/25
2018-12-31 23:32:31,902 DEBUG ----------
2018-12-31 23:33:26,962 DEBUG train Loss: 12.7390
2018-12-31 23:33:30,867 DEBUG val Loss: 80.2046
2018-12-31 23:33:30,867 DEBUG Epoch 16/25
2018-12-31 23:33:30,867 DEBUG ----------
2018-12-31 23:34:26,150 DEBUG train Loss: 9.6812
2018-12-31 23:34:30,492 DEBUG val Loss: 79.9753
2018-12-31 23:34:30,492 DEBUG Epoch 17/25
2018-12-31 23:34:30,492 DEBUG ----------
2018-12-31 23:35:24,436 DEBUG train Loss: 10.0700
2018-12-31 23:35:28,633 DEBUG val Loss: 171.9805
2018-12-31 23:35:28,633 DEBUG Epoch 18/25
2018-12-31 23:35:28,633 DEBUG ----------
2018-12-31 23:36:22,733 DEBUG train Loss: 11.5676
2018-12-31 23:36:26,420 DEBUG val Loss: 1498.2993
2018-12-31 23:36:26,420 DEBUG Epoch 19/25
2018-12-31 23:36:26,420 DEBUG ----------
2018-12-31 23:37:22,804 DEBUG train Loss: 13.0520
2018-12-31 23:37:26,476 DEBUG val Loss: 956.2343
2018-12-31 23:37:26,476 DEBUG Epoch 20/25
2018-12-31 23:37:26,476 DEBUG ----------
2018-12-31 23:38:20,670 DEBUG train Loss: 10.1744
2018-12-31 23:38:25,037 DEBUG val Loss: 74.3648
2018-12-31 23:38:25,038 DEBUG Epoch 21/25
2018-12-31 23:38:25,038 DEBUG ----------
2018-12-31 23:39:23,867 DEBUG train Loss: 8.7089
2018-12-31 23:39:28,637 DEBUG val Loss: 89.7027
2018-12-31 23:39:28,637 DEBUG Epoch 22/25
2018-12-31 23:39:28,638 DEBUG ----------
2018-12-31 23:40:27,780 DEBUG train Loss: 8.2223
2018-12-31 23:40:31,954 DEBUG val Loss: 94.5632
2018-12-31 23:40:31,954 DEBUG Epoch 23/25
2018-12-31 23:40:31,955 DEBUG ----------
2018-12-31 23:41:26,155 DEBUG train Loss: 10.5141
2018-12-31 23:41:29,901 DEBUG val Loss: 81.9313
2018-12-31 23:41:29,901 DEBUG Epoch 24/25
2018-12-31 23:41:29,901 DEBUG ----------
2018-12-31 23:42:27,725 DEBUG train Loss: 9.2357
2018-12-31 23:42:31,398 DEBUG val Loss: 435.7892
